TN:
SF:src\collection.js
FN:21,(anonymous_0)
FN:31,(anonymous_1)
FN:44,(anonymous_2)
FN:45,(anonymous_3)
FN:57,(anonymous_4)
FN:105,(anonymous_5)
FN:140,(anonymous_6)
FNF:7
FNH:7
FNDA:98,(anonymous_0)
FNDA:1,(anonymous_1)
FNDA:99,(anonymous_2)
FNDA:99,(anonymous_3)
FNDA:1,(anonymous_4)
FNDA:9,(anonymous_5)
FNDA:62,(anonymous_6)
DA:5,1
DA:7,0
DA:8,0
DA:10,0
DA:21,1
DA:22,98
DA:24,98
DA:26,98
DA:27,31
DA:29,98
DA:31,98
DA:32,1
DA:33,1
DA:34,1
DA:37,98
DA:44,1
DA:45,99
DA:46,99
DA:57,99
DA:59,1
DA:61,1
DA:62,1
DA:63,1
DA:66,1
DA:67,1
DA:68,1
DA:69,1
DA:71,1
DA:72,1
DA:73,4
DA:74,4
DA:75,7
DA:76,2
DA:77,2
DA:80,4
DA:81,2
DA:82,1
DA:84,2
DA:105,99
DA:107,9
DA:109,9
DA:110,9
DA:111,9
DA:114,9
DA:116,801
DA:117,1
DA:119,801
DA:120,101
DA:121,101
DA:122,400
DA:123,101
DA:124,101
DA:127,101
DA:128,101
DA:140,99
DA:141,62
DA:146,99
DA:149,1
DA:150,0
LF:59
LH:55
BRDA:5,0,0,0
BRDA:5,0,1,1
BRDA:7,1,0,0
BRDA:7,1,1,0
BRDA:24,2,0,98
BRDA:24,2,1,0
BRDA:26,3,0,31
BRDA:26,3,1,67
BRDA:26,4,0,98
BRDA:26,4,1,32
BRDA:26,4,2,32
BRDA:46,5,0,99
BRDA:46,5,1,0
BRDA:59,6,0,1
BRDA:59,6,1,0
BRDA:59,7,0,1
BRDA:59,7,1,0
BRDA:62,8,0,1
BRDA:62,8,1,0
BRDA:62,9,0,1
BRDA:62,9,1,1
BRDA:62,9,2,1
BRDA:68,10,0,1
BRDA:68,10,1,0
BRDA:71,11,0,1
BRDA:71,11,1,0
BRDA:72,12,0,5
BRDA:72,12,1,5
BRDA:75,13,0,2
BRDA:75,13,1,5
BRDA:80,14,0,2
BRDA:80,14,1,2
BRDA:81,15,0,1
BRDA:81,15,1,1
BRDA:107,16,0,9
BRDA:107,16,1,0
BRDA:107,17,0,9
BRDA:107,17,1,8
BRDA:110,18,0,9
BRDA:110,18,1,0
BRDA:110,19,0,9
BRDA:110,19,1,9
BRDA:110,19,2,9
BRDA:116,20,0,1
BRDA:116,20,1,800
BRDA:119,21,0,101
BRDA:119,21,1,700
BRDA:122,22,0,101
BRDA:122,22,1,299
BRDA:127,23,0,101
BRDA:127,23,1,0
BRDA:149,24,0,0
BRDA:149,24,1,1
BRDA:149,25,0,1
BRDA:149,25,1,0
BRF:55
BRH:40
end_of_record
TN:
SF:src\geo.js
FN:21,(anonymous_0)
FN:29,(anonymous_1)
FN:59,(anonymous_2)
FN:75,(anonymous_3)
FN:95,(anonymous_4)
FN:119,(anonymous_5)
FN:135,(anonymous_6)
FN:149,(anonymous_7)
FN:222,(anonymous_8)
FN:236,(anonymous_9)
FN:331,(anonymous_10)
FN:413,(anonymous_11)
FN:427,(anonymous_12)
FN:490,(anonymous_13)
FN:567,(anonymous_14)
FN:581,(anonymous_15)
FN:666,(anonymous_16)
FN:748,(anonymous_17)
FN:762,(anonymous_18)
FN:817,(anonymous_19)
FN:888,(anonymous_20)
FN:902,(anonymous_21)
FN:967,(anonymous_22)
FN:1031,(anonymous_23)
FN:1045,(anonymous_24)
FN:1067,(anonymous_25)
FN:1087,(anonymous_26)
FN:1130,(anonymous_27)
FN:1158,(anonymous_28)
FN:1186,(anonymous_29)
FN:1205,(anonymous_30)
FN:1241,(anonymous_31)
FN:1278,(anonymous_32)
FN:1291,(anonymous_33)
FN:1305,(anonymous_34)
FNF:35
FNH:31
FNDA:0,(anonymous_0)
FNDA:9,(anonymous_1)
FNDA:0,(anonymous_2)
FNDA:0,(anonymous_3)
FNDA:67,(anonymous_4)
FNDA:0,(anonymous_5)
FNDA:52,(anonymous_6)
FNDA:48,(anonymous_7)
FNDA:97,(anonymous_8)
FNDA:38,(anonymous_9)
FNDA:53,(anonymous_10)
FNDA:115,(anonymous_11)
FNDA:33,(anonymous_12)
FNDA:42,(anonymous_13)
FNDA:142,(anonymous_14)
FNDA:40,(anonymous_15)
FNDA:44,(anonymous_16)
FNDA:127,(anonymous_17)
FNDA:39,(anonymous_18)
FNDA:50,(anonymous_19)
FNDA:146,(anonymous_20)
FNDA:32,(anonymous_21)
FNDA:35,(anonymous_22)
FNDA:41,(anonymous_23)
FNDA:3,(anonymous_24)
FNDA:3,(anonymous_25)
FNDA:988,(anonymous_26)
FNDA:161,(anonymous_27)
FNDA:322,(anonymous_28)
FNDA:71,(anonymous_29)
FNDA:1507,(anonymous_30)
FNDA:67,(anonymous_31)
FNDA:207,(anonymous_32)
FNDA:195,(anonymous_33)
FNDA:55,(anonymous_34)
DA:4,1
DA:6,0
DA:7,0
DA:9,0
DA:21,1
DA:29,1
DA:30,9
DA:31,9
DA:32,1
DA:33,8
DA:34,5
DA:35,3
DA:36,1
DA:37,2
DA:40,1
DA:41,1
DA:45,1
DA:47,0
DA:50,9
DA:59,1
DA:60,0
DA:61,0
DA:62,0
DA:63,0
DA:75,1
DA:76,0
DA:77,0
DA:78,0
DA:80,0
DA:81,0
DA:83,0
DA:84,0
DA:95,1
DA:96,67
DA:98,67
DA:99,67
DA:100,66
DA:101,66
DA:102,66
DA:103,66
DA:105,1
DA:106,1
DA:107,1
DA:108,1
DA:110,67
DA:119,1
DA:120,0
DA:121,0
DA:124,0
DA:135,1
DA:136,52
DA:137,52
DA:138,52
DA:139,0
DA:149,1
DA:151,48
DA:152,0
DA:154,48
DA:155,2
DA:157,46
DA:158,19
DA:159,38
DA:160,10
DA:163,9
DA:165,27
DA:166,7
DA:167,12
DA:168,22
DA:169,4
DA:173,3
DA:175,20
DA:177,5
DA:179,15
DA:180,9
DA:182,13
DA:183,8
DA:186,1
DA:188,6
DA:190,3
DA:191,5
DA:192,2
DA:195,1
DA:198,3
DA:210,1
DA:222,1
DA:223,97
DA:224,97
DA:225,97
DA:226,0
DA:236,1
DA:238,38
DA:239,0
DA:241,38
DA:242,2
DA:244,36
DA:245,6
DA:246,10
DA:247,10
DA:248,22
DA:249,7
DA:250,7
DA:253,10
DA:254,3
DA:257,3
DA:259,30
DA:260,5
DA:261,6
DA:262,4
DA:265,1
DA:267,25
DA:268,7
DA:269,11
DA:270,11
DA:271,18
DA:272,8
DA:273,8
DA:276,11
DA:277,3
DA:280,4
DA:282,18
DA:283,4
DA:285,7
DA:286,1
DA:289,3
DA:291,14
DA:292,8
DA:293,15
DA:294,15
DA:296,23
DA:297,14
DA:298,14
DA:301,15
DA:302,1
DA:305,7
DA:307,6
DA:309,3
DA:310,5
DA:311,2
DA:314,1
DA:317,3
DA:318,5
DA:319,1
DA:322,2
DA:331,1
DA:333,53
DA:334,0
DA:336,53
DA:337,2
DA:339,51
DA:340,6
DA:341,10
DA:342,20
DA:343,3
DA:347,3
DA:349,45
DA:350,8
DA:351,13
DA:352,4
DA:355,4
DA:357,37
DA:358,10
DA:359,14
DA:360,25
DA:361,7
DA:365,3
DA:367,27
DA:368,7
DA:369,10
DA:370,6
DA:373,1
DA:375,20
DA:376,13
DA:377,19
DA:379,31
DA:380,12
DA:384,1
DA:386,7
DA:387,3
DA:388,5
DA:389,2
DA:392,1
DA:395,4
DA:396,6
DA:397,3
DA:400,1
DA:413,1
DA:414,115
DA:415,115
DA:416,115
DA:417,0
DA:427,1
DA:429,33
DA:430,0
DA:432,33
DA:433,2
DA:436,31
DA:437,8
DA:439,23
DA:440,7
DA:441,12
DA:442,3
DA:445,4
DA:447,16
DA:448,4
DA:449,4
DA:450,2
DA:453,2
DA:455,12
DA:456,6
DA:457,9
DA:458,12
DA:459,5
DA:463,1
DA:465,6
DA:467,3
DA:468,5
DA:469,2
DA:472,1
DA:475,3
DA:476,5
DA:477,1
DA:480,2
DA:490,1
DA:492,42
DA:493,0
DA:495,42
DA:496,1
DA:498,41
DA:499,1
DA:502,40
DA:503,8
DA:504,12
DA:505,5
DA:508,3
DA:510,32
DA:511,13
DA:512,19
DA:513,29
DA:514,9
DA:518,4
DA:520,19
DA:521,5
DA:522,5
DA:523,4
DA:526,1
DA:528,14
DA:529,8
DA:530,12
DA:531,13
DA:532,7
DA:536,1
DA:538,6
DA:540,3
DA:541,4
DA:542,2
DA:545,1
DA:548,3
DA:549,3
DA:550,2
DA:553,1
DA:567,1
DA:568,142
DA:569,142
DA:570,142
DA:571,0
DA:581,1
DA:583,40
DA:584,0
DA:586,40
DA:587,2
DA:590,38
DA:591,7
DA:592,9
DA:593,3
DA:596,4
DA:598,31
DA:599,9
DA:600,14
DA:601,14
DA:602,23
DA:603,9
DA:604,9
DA:607,14
DA:608,5
DA:611,4
DA:613,22
DA:614,7
DA:615,11
DA:616,13
DA:617,5
DA:621,2
DA:623,15
DA:624,6
DA:625,11
DA:626,11
DA:627,22
DA:628,26
DA:629,9
DA:630,9
DA:634,11
DA:635,2
DA:638,4
DA:640,9
DA:642,3
DA:643,5
DA:644,2
DA:647,1
DA:650,6
DA:651,10
DA:652,25
DA:653,3
DA:657,3
DA:666,1
DA:668,44
DA:669,0
DA:671,44
DA:672,1
DA:674,43
DA:675,1
DA:677,42
DA:678,7
DA:680,35
DA:681,9
DA:682,14
DA:683,18
DA:684,30
DA:685,5
DA:690,4
DA:692,26
DA:693,8
DA:694,12
DA:695,18
DA:696,5
DA:700,3
DA:702,18
DA:703,8
DA:704,10
DA:705,15
DA:706,15
DA:707,7
DA:712,1
DA:714,10
DA:716,4
DA:717,6
DA:718,3
DA:721,1
DA:724,6
DA:725,7
DA:726,9
DA:727,5
DA:731,1
DA:748,1
DA:749,127
DA:750,127
DA:751,127
DA:752,0
DA:762,1
DA:764,39
DA:765,0
DA:767,39
DA:768,4
DA:771,35
DA:772,8
DA:773,17
DA:774,6
DA:777,2
DA:779,27
DA:780,6
DA:781,10
DA:782,21
DA:783,21
DA:784,6
DA:786,15
DA:787,4
DA:791,2
DA:793,21
DA:795,3
DA:796,5
DA:797,2
DA:800,1
DA:803,18
DA:804,113
DA:805,12
DA:808,6
DA:817,1
DA:819,50
DA:820,0
DA:822,50
DA:823,1
DA:825,49
DA:826,1
DA:828,48
DA:829,1
DA:831,47
DA:832,1
DA:835,46
DA:836,8
DA:837,26
DA:838,4
DA:841,4
DA:843,38
DA:844,17
DA:845,22
DA:846,50
DA:847,13
DA:851,4
DA:853,21
DA:855,3
DA:856,5
DA:857,2
DA:860,1
DA:863,18
DA:864,162
DA:865,12
DA:868,6
DA:888,1
DA:889,146
DA:890,146
DA:891,146
DA:892,0
DA:902,1
DA:904,32
DA:905,0
DA:907,32
DA:908,4
DA:911,28
DA:912,9
DA:913,12
DA:914,27
DA:915,6
DA:919,3
DA:921,19
DA:922,8
DA:923,11
DA:924,11
DA:925,22
DA:926,37
DA:927,37
DA:928,15
DA:930,22
DA:931,7
DA:932,7
DA:936,11
DA:937,4
DA:940,4
DA:942,11
DA:943,3
DA:944,5
DA:945,2
DA:948,1
DA:951,8
DA:952,13
DA:953,50
DA:954,4
DA:958,4
DA:967,1
DA:969,35
DA:970,0
DA:972,35
DA:973,1
DA:975,34
DA:976,1
DA:978,33
DA:979,1
DA:981,32
DA:982,1
DA:984,31
DA:985,10
DA:988,21
DA:989,8
DA:990,9
DA:991,14
DA:992,31
DA:993,6
DA:998,2
DA:1000,13
DA:1001,4
DA:1002,6
DA:1003,3
DA:1006,1
DA:1009,9
DA:1010,11
DA:1011,17
DA:1012,8
DA:1016,1
DA:1031,1
DA:1032,41
DA:1033,41
DA:1034,41
DA:1035,0
DA:1045,1
DA:1046,3
DA:1047,0
DA:1049,3
DA:1050,9
DA:1051,9
DA:1052,1
DA:1055,0
DA:1058,2
DA:1067,1
DA:1068,3
DA:1069,0
DA:1071,3
DA:1072,7
DA:1073,7
DA:1074,2
DA:1078,1
DA:1087,1
DA:1088,988
DA:1089,25
DA:1092,963
DA:1095,963
DA:1096,3
DA:1100,963
DA:1101,3596
DA:1102,57
DA:1104,3539
DA:1109,2689
DA:1111,850
DA:1113,850
DA:1114,103
DA:1117,747
DA:1118,639
DA:1121,803
DA:1130,1
DA:1131,161
DA:1132,0
DA:1136,161
DA:1137,38
DA:1139,161
DA:1140,61
DA:1143,100
DA:1145,417
DA:1146,1
DA:1149,99
DA:1158,1
DA:1159,322
DA:1160,0
DA:1164,322
DA:1165,228
DA:1167,322
DA:1168,66
DA:1171,256
DA:1173,999
DA:1174,4
DA:1177,252
DA:1186,1
DA:1187,71
DA:1188,0
DA:1190,71
DA:1191,80
DA:1192,19
DA:1195,52
DA:1205,1
DA:1206,1507
DA:1207,1507
DA:1208,1507
DA:1209,1507
DA:1210,1507
DA:1214,1507
DA:1218,1247
DA:1221,260
DA:1222,51
DA:1225,209
DA:1226,209
DA:1227,209
DA:1230,209
DA:1241,1
DA:1242,67
DA:1243,0
DA:1245,67
DA:1246,73
DA:1258,35
DA:1265,24
DA:1269,43
DA:1278,1
DA:1279,207
DA:1280,0
DA:1282,207
DA:1291,1
DA:1292,195
DA:1293,0
DA:1295,195
DA:1305,1
DA:1306,55
DA:1307,1
DA:1310,54
DA:1311,82
DA:1312,82
DA:1313,188
DA:1314,60
DA:1315,23
DA:1318,37
DA:1328,9
DA:1330,28
DA:1333,50
DA:1334,22
DA:1337,0
DA:1340,1
DA:1341,0
LF:600
LH:553
BRDA:4,0,0,0
BRDA:4,0,1,1
BRDA:6,1,0,0
BRDA:6,1,1,0
BRDA:30,2,0,9
BRDA:30,2,1,0
BRDA:31,3,0,1
BRDA:31,3,1,8
BRDA:31,4,0,9
BRDA:31,4,1,9
BRDA:31,4,2,1
BRDA:33,5,0,5
BRDA:33,5,1,3
BRDA:33,6,0,8
BRDA:33,6,1,8
BRDA:33,6,2,5
BRDA:35,7,0,1
BRDA:35,7,1,2
BRDA:35,8,0,3
BRDA:35,8,1,3
BRDA:35,8,2,3
BRDA:35,8,3,3
BRDA:35,8,4,1
BRDA:37,9,0,1
BRDA:37,9,1,1
BRDA:37,10,0,2
BRDA:37,10,1,2
BRDA:37,10,2,2
BRDA:37,10,3,2
BRDA:37,10,4,2
BRDA:37,10,5,2
BRDA:37,10,6,1
BRDA:41,11,0,1
BRDA:41,11,1,0
BRDA:41,12,0,1
BRDA:41,12,1,1
BRDA:41,12,2,1
BRDA:41,12,3,1
BRDA:41,12,4,1
BRDA:41,12,5,1
BRDA:41,12,6,1
BRDA:41,12,7,1
BRDA:41,12,8,1
BRDA:61,13,0,0
BRDA:61,13,1,0
BRDA:62,14,0,0
BRDA:62,14,1,0
BRDA:76,15,0,0
BRDA:76,15,1,0
BRDA:77,16,0,0
BRDA:77,16,1,0
BRDA:80,17,0,0
BRDA:80,17,1,0
BRDA:83,18,0,0
BRDA:83,18,1,0
BRDA:98,19,0,67
BRDA:98,19,1,0
BRDA:99,20,0,66
BRDA:99,20,1,1
BRDA:120,21,0,0
BRDA:120,21,1,0
BRDA:120,22,0,0
BRDA:120,22,1,0
BRDA:138,23,0,0
BRDA:138,23,1,52
BRDA:151,24,0,0
BRDA:151,24,1,48
BRDA:154,25,0,2
BRDA:154,25,1,46
BRDA:155,26,0,2
BRDA:155,26,1,2
BRDA:157,27,0,19
BRDA:157,27,1,27
BRDA:157,28,0,46
BRDA:157,28,1,36
BRDA:158,29,0,47
BRDA:158,29,1,47
BRDA:159,30,0,10
BRDA:159,30,1,28
BRDA:159,31,0,38
BRDA:159,31,1,15
BRDA:165,32,0,7
BRDA:165,32,1,20
BRDA:166,33,0,15
BRDA:166,33,1,15
BRDA:167,34,0,30
BRDA:167,34,1,30
BRDA:168,35,0,4
BRDA:168,35,1,18
BRDA:168,36,0,22
BRDA:168,36,1,14
BRDA:175,37,0,5
BRDA:175,37,1,15
BRDA:177,38,0,5
BRDA:177,38,1,0
BRDA:179,39,0,9
BRDA:179,39,1,6
BRDA:180,40,0,14
BRDA:180,40,1,14
BRDA:182,41,0,8
BRDA:182,41,1,5
BRDA:182,42,0,13
BRDA:182,42,1,0
BRDA:188,43,0,3
BRDA:188,43,1,3
BRDA:188,44,0,6
BRDA:188,44,1,3
BRDA:191,45,0,2
BRDA:191,45,1,3
BRDA:225,46,0,0
BRDA:225,46,1,97
BRDA:238,47,0,0
BRDA:238,47,1,38
BRDA:238,48,0,38
BRDA:238,48,1,38
BRDA:241,49,0,2
BRDA:241,49,1,36
BRDA:242,50,0,2
BRDA:242,50,1,1
BRDA:242,50,2,1
BRDA:244,51,0,6
BRDA:244,51,1,30
BRDA:245,52,0,13
BRDA:245,52,1,13
BRDA:247,53,0,25
BRDA:247,53,1,25
BRDA:248,54,0,7
BRDA:248,54,1,15
BRDA:248,55,0,22
BRDA:248,55,1,9
BRDA:253,56,0,3
BRDA:253,56,1,7
BRDA:259,57,0,5
BRDA:259,57,1,25
BRDA:260,58,0,7
BRDA:260,58,1,7
BRDA:261,59,0,4
BRDA:261,59,1,2
BRDA:267,60,0,7
BRDA:267,60,1,18
BRDA:268,61,0,15
BRDA:268,61,1,15
BRDA:270,62,0,21
BRDA:270,62,1,21
BRDA:271,63,0,8
BRDA:271,63,1,10
BRDA:276,64,0,3
BRDA:276,64,1,8
BRDA:282,65,0,4
BRDA:282,65,1,14
BRDA:283,66,0,10
BRDA:283,66,1,10
BRDA:285,67,0,1
BRDA:285,67,1,6
BRDA:285,68,0,7
BRDA:285,68,1,0
BRDA:291,69,0,8
BRDA:291,69,1,6
BRDA:292,70,0,22
BRDA:292,70,1,22
BRDA:294,71,0,24
BRDA:294,71,1,24
BRDA:296,72,0,14
BRDA:296,72,1,9
BRDA:296,73,0,23
BRDA:296,73,1,0
BRDA:301,74,0,1
BRDA:301,74,1,14
BRDA:307,75,0,3
BRDA:307,75,1,3
BRDA:307,76,0,6
BRDA:307,76,1,3
BRDA:310,77,0,2
BRDA:310,77,1,3
BRDA:318,78,0,1
BRDA:318,78,1,4
BRDA:333,79,0,0
BRDA:333,79,1,53
BRDA:333,80,0,53
BRDA:333,80,1,53
BRDA:336,81,0,2
BRDA:336,81,1,51
BRDA:339,82,0,6
BRDA:339,82,1,45
BRDA:340,83,0,13
BRDA:340,83,1,13
BRDA:341,84,0,27
BRDA:341,84,1,27
BRDA:342,85,0,3
BRDA:342,85,1,17
BRDA:342,86,0,20
BRDA:342,86,1,4
BRDA:349,87,0,8
BRDA:349,87,1,37
BRDA:350,88,0,17
BRDA:350,88,1,17
BRDA:351,89,0,4
BRDA:351,89,1,9
BRDA:357,90,0,10
BRDA:357,90,1,27
BRDA:358,91,0,17
BRDA:358,91,1,17
BRDA:359,92,0,32
BRDA:359,92,1,32
BRDA:360,93,0,7
BRDA:360,93,1,18
BRDA:367,94,0,7
BRDA:367,94,1,20
BRDA:368,95,0,11
BRDA:368,95,1,11
BRDA:369,96,0,6
BRDA:369,96,1,4
BRDA:369,97,0,10
BRDA:369,97,1,0
BRDA:375,98,0,13
BRDA:375,98,1,7
BRDA:376,99,0,20
BRDA:376,99,1,20
BRDA:377,100,0,38
BRDA:377,100,1,38
BRDA:379,101,0,12
BRDA:379,101,1,19
BRDA:379,102,0,31
BRDA:379,102,1,0
BRDA:386,103,0,3
BRDA:386,103,1,4
BRDA:386,104,0,7
BRDA:386,104,1,3
BRDA:388,105,0,2
BRDA:388,105,1,3
BRDA:396,106,0,3
BRDA:396,106,1,3
BRDA:416,107,0,0
BRDA:416,107,1,115
BRDA:429,108,0,0
BRDA:429,108,1,33
BRDA:429,109,0,33
BRDA:429,109,1,33
BRDA:432,110,0,2
BRDA:432,110,1,31
BRDA:432,111,0,33
BRDA:432,111,1,32
BRDA:436,112,0,8
BRDA:436,112,1,23
BRDA:439,113,0,7
BRDA:439,113,1,16
BRDA:440,114,0,16
BRDA:440,114,1,16
BRDA:441,115,0,3
BRDA:441,115,1,9
BRDA:447,116,0,4
BRDA:447,116,1,12
BRDA:448,117,0,6
BRDA:448,117,1,6
BRDA:449,118,0,2
BRDA:449,118,1,2
BRDA:455,119,0,6
BRDA:455,119,1,6
BRDA:456,120,0,10
BRDA:456,120,1,10
BRDA:457,121,0,16
BRDA:457,121,1,16
BRDA:458,122,0,5
BRDA:458,122,1,7
BRDA:458,123,0,12
BRDA:458,123,1,7
BRDA:465,124,0,3
BRDA:465,124,1,3
BRDA:465,125,0,6
BRDA:465,125,1,3
BRDA:468,126,0,2
BRDA:468,126,1,3
BRDA:476,127,0,1
BRDA:476,127,1,4
BRDA:492,128,0,0
BRDA:492,128,1,42
BRDA:492,129,0,42
BRDA:492,129,1,42
BRDA:495,130,0,1
BRDA:495,130,1,41
BRDA:498,131,0,1
BRDA:498,131,1,40
BRDA:502,132,0,8
BRDA:502,132,1,32
BRDA:504,133,0,5
BRDA:504,133,1,7
BRDA:510,134,0,13
BRDA:510,134,1,19
BRDA:511,135,0,23
BRDA:511,135,1,23
BRDA:513,136,0,9
BRDA:513,136,1,20
BRDA:520,137,0,5
BRDA:520,137,1,14
BRDA:521,138,0,6
BRDA:521,138,1,6
BRDA:522,139,0,4
BRDA:522,139,1,1
BRDA:528,140,0,8
BRDA:528,140,1,6
BRDA:529,141,0,13
BRDA:529,141,1,13
BRDA:530,142,0,18
BRDA:530,142,1,18
BRDA:531,143,0,7
BRDA:531,143,1,6
BRDA:538,144,0,3
BRDA:538,144,1,3
BRDA:538,145,0,6
BRDA:538,145,1,3
BRDA:541,146,0,2
BRDA:541,146,1,2
BRDA:548,147,0,4
BRDA:548,147,1,4
BRDA:549,148,0,2
BRDA:549,148,1,1
BRDA:570,149,0,0
BRDA:570,149,1,142
BRDA:583,150,0,0
BRDA:583,150,1,40
BRDA:583,151,0,40
BRDA:583,151,1,40
BRDA:586,152,0,2
BRDA:586,152,1,38
BRDA:586,153,0,40
BRDA:586,153,1,39
BRDA:590,154,0,7
BRDA:590,154,1,31
BRDA:591,155,0,13
BRDA:591,155,1,13
BRDA:592,156,0,3
BRDA:592,156,1,6
BRDA:598,157,0,9
BRDA:598,157,1,22
BRDA:599,158,0,18
BRDA:599,158,1,18
BRDA:601,159,0,28
BRDA:601,159,1,28
BRDA:602,160,0,9
BRDA:602,160,1,14
BRDA:607,161,0,5
BRDA:607,161,1,9
BRDA:613,162,0,7
BRDA:613,162,1,15
BRDA:614,163,0,13
BRDA:614,163,1,13
BRDA:615,164,0,19
BRDA:615,164,1,19
BRDA:616,165,0,5
BRDA:616,165,1,8
BRDA:623,166,0,6
BRDA:623,166,1,9
BRDA:624,167,0,15
BRDA:624,167,1,15
BRDA:626,168,0,33
BRDA:626,168,1,33
BRDA:627,169,0,39
BRDA:627,169,1,39
BRDA:628,170,0,9
BRDA:628,170,1,17
BRDA:628,171,0,26
BRDA:628,171,1,11
BRDA:634,172,0,2
BRDA:634,172,1,9
BRDA:640,173,0,3
BRDA:640,173,1,6
BRDA:640,174,0,9
BRDA:640,174,1,3
BRDA:643,175,0,2
BRDA:643,175,1,3
BRDA:652,176,0,3
BRDA:652,176,1,22
BRDA:668,177,0,0
BRDA:668,177,1,44
BRDA:668,178,0,44
BRDA:668,178,1,44
BRDA:671,179,0,1
BRDA:671,179,1,43
BRDA:674,180,0,1
BRDA:674,180,1,42
BRDA:677,181,0,7
BRDA:677,181,1,35
BRDA:680,182,0,9
BRDA:680,182,1,26
BRDA:681,183,0,18
BRDA:681,183,1,18
BRDA:682,184,0,27
BRDA:682,184,1,27
BRDA:683,185,0,43
BRDA:683,185,1,43
BRDA:684,186,0,5
BRDA:684,186,1,25
BRDA:692,187,0,8
BRDA:692,187,1,18
BRDA:693,188,0,15
BRDA:693,188,1,15
BRDA:694,189,0,25
BRDA:694,189,1,25
BRDA:695,190,0,5
BRDA:695,190,1,13
BRDA:702,191,0,8
BRDA:702,191,1,10
BRDA:703,192,0,11
BRDA:703,192,1,11
BRDA:704,193,0,18
BRDA:704,193,1,18
BRDA:705,194,0,23
BRDA:705,194,1,23
BRDA:706,195,0,7
BRDA:706,195,1,8
BRDA:714,196,0,4
BRDA:714,196,1,6
BRDA:714,197,0,10
BRDA:714,197,1,4
BRDA:717,198,0,3
BRDA:717,198,1,3
BRDA:724,199,0,8
BRDA:724,199,1,8
BRDA:726,200,0,5
BRDA:726,200,1,4
BRDA:751,201,0,0
BRDA:751,201,1,127
BRDA:764,202,0,0
BRDA:764,202,1,39
BRDA:764,203,0,39
BRDA:764,203,1,39
BRDA:767,204,0,4
BRDA:767,204,1,35
BRDA:767,205,0,39
BRDA:767,205,1,38
BRDA:767,205,2,37
BRDA:767,205,3,36
BRDA:771,206,0,8
BRDA:771,206,1,27
BRDA:772,207,0,19
BRDA:772,207,1,19
BRDA:773,208,0,6
BRDA:773,208,1,11
BRDA:779,209,0,6
BRDA:779,209,1,21
BRDA:780,210,0,12
BRDA:780,210,1,12
BRDA:781,211,0,21
BRDA:781,211,1,21
BRDA:783,212,0,6
BRDA:783,212,1,15
BRDA:786,213,0,4
BRDA:786,213,1,11
BRDA:786,214,0,15
BRDA:786,214,1,15
BRDA:793,215,0,3
BRDA:793,215,1,18
BRDA:793,216,0,21
BRDA:793,216,1,3
BRDA:796,217,0,2
BRDA:796,217,1,3
BRDA:803,218,0,119
BRDA:803,218,1,119
BRDA:804,219,0,12
BRDA:804,219,1,101
BRDA:819,220,0,0
BRDA:819,220,1,50
BRDA:819,221,0,50
BRDA:819,221,1,50
BRDA:822,222,0,1
BRDA:822,222,1,49
BRDA:825,223,0,1
BRDA:825,223,1,48
BRDA:828,224,0,1
BRDA:828,224,1,47
BRDA:831,225,0,1
BRDA:831,225,1,46
BRDA:835,226,0,8
BRDA:835,226,1,38
BRDA:836,227,0,30
BRDA:836,227,1,30
BRDA:837,228,0,4
BRDA:837,228,1,22
BRDA:843,229,0,17
BRDA:843,229,1,21
BRDA:844,230,0,26
BRDA:844,230,1,26
BRDA:845,231,0,59
BRDA:845,231,1,59
BRDA:846,232,0,13
BRDA:846,232,1,37
BRDA:853,233,0,3
BRDA:853,233,1,18
BRDA:853,234,0,21
BRDA:853,234,1,3
BRDA:856,235,0,2
BRDA:856,235,1,3
BRDA:863,236,0,168
BRDA:863,236,1,168
BRDA:864,237,0,12
BRDA:864,237,1,150
BRDA:891,238,0,0
BRDA:891,238,1,146
BRDA:904,239,0,0
BRDA:904,239,1,32
BRDA:904,240,0,32
BRDA:904,240,1,32
BRDA:907,241,0,4
BRDA:907,241,1,28
BRDA:907,242,0,32
BRDA:907,242,1,31
BRDA:907,242,2,30
BRDA:907,242,3,29
BRDA:911,243,0,9
BRDA:911,243,1,19
BRDA:912,244,0,15
BRDA:912,244,1,15
BRDA:914,245,0,6
BRDA:914,245,1,21
BRDA:921,246,0,8
BRDA:921,246,1,11
BRDA:922,247,0,15
BRDA:922,247,1,15
BRDA:924,248,0,33
BRDA:924,248,1,33
BRDA:925,249,0,37
BRDA:925,249,1,37
BRDA:927,250,0,15
BRDA:927,250,1,22
BRDA:930,251,0,7
BRDA:930,251,1,15
BRDA:930,252,0,22
BRDA:930,252,1,22
BRDA:936,253,0,4
BRDA:936,253,1,7
BRDA:942,254,0,3
BRDA:942,254,1,8
BRDA:942,255,0,11
BRDA:942,255,1,3
BRDA:944,256,0,2
BRDA:944,256,1,3
BRDA:953,257,0,4
BRDA:953,257,1,46
BRDA:969,258,0,0
BRDA:969,258,1,35
BRDA:969,259,0,35
BRDA:969,259,1,35
BRDA:972,260,0,1
BRDA:972,260,1,34
BRDA:975,261,0,1
BRDA:975,261,1,33
BRDA:978,262,0,1
BRDA:978,262,1,32
BRDA:981,263,0,1
BRDA:981,263,1,31
BRDA:984,264,0,10
BRDA:984,264,1,21
BRDA:988,265,0,8
BRDA:988,265,1,13
BRDA:989,266,0,11
BRDA:989,266,1,11
BRDA:990,267,0,17
BRDA:990,267,1,17
BRDA:991,268,0,39
BRDA:991,268,1,39
BRDA:992,269,0,6
BRDA:992,269,1,25
BRDA:1000,270,0,4
BRDA:1000,270,1,9
BRDA:1000,271,0,13
BRDA:1000,271,1,4
BRDA:1002,272,0,3
BRDA:1002,272,1,3
BRDA:1011,273,0,8
BRDA:1011,273,1,9
BRDA:1034,274,0,0
BRDA:1034,274,1,41
BRDA:1046,275,0,0
BRDA:1046,275,1,3
BRDA:1046,276,0,3
BRDA:1046,276,1,3
BRDA:1046,276,2,3
BRDA:1050,277,0,9
BRDA:1050,277,1,0
BRDA:1050,278,0,9
BRDA:1050,278,1,9
BRDA:1051,279,0,1
BRDA:1051,279,1,8
BRDA:1068,280,0,0
BRDA:1068,280,1,3
BRDA:1068,281,0,3
BRDA:1068,281,1,3
BRDA:1068,281,2,3
BRDA:1072,282,0,7
BRDA:1072,282,1,0
BRDA:1072,283,0,7
BRDA:1072,283,1,7
BRDA:1073,284,0,2
BRDA:1073,284,1,5
BRDA:1088,285,0,25
BRDA:1088,285,1,963
BRDA:1088,286,0,988
BRDA:1088,286,1,988
BRDA:1088,286,2,988
BRDA:1095,287,0,3
BRDA:1095,287,1,960
BRDA:1095,288,0,963
BRDA:1095,288,1,963
BRDA:1101,289,0,57
BRDA:1101,289,1,3539
BRDA:1101,290,0,3596
BRDA:1101,290,1,254
BRDA:1104,291,0,2689
BRDA:1104,291,1,850
BRDA:1105,292,0,3539
BRDA:1105,292,1,1495
BRDA:1105,292,2,2320
BRDA:1105,292,3,951
BRDA:1105,292,4,1820
BRDA:1105,292,5,1272
BRDA:1113,293,0,103
BRDA:1113,293,1,747
BRDA:1113,294,0,850
BRDA:1113,294,1,103
BRDA:1113,294,2,103
BRDA:1117,295,0,639
BRDA:1117,295,1,108
BRDA:1131,296,0,0
BRDA:1131,296,1,161
BRDA:1131,297,0,161
BRDA:1131,297,1,161
BRDA:1131,297,2,161
BRDA:1131,297,3,161
BRDA:1136,298,0,38
BRDA:1136,298,1,123
BRDA:1136,299,0,161
BRDA:1136,299,1,158
BRDA:1139,300,0,61
BRDA:1139,300,1,100
BRDA:1139,301,0,161
BRDA:1139,301,1,108
BRDA:1145,302,0,1
BRDA:1145,302,1,416
BRDA:1159,303,0,0
BRDA:1159,303,1,322
BRDA:1159,304,0,322
BRDA:1159,304,1,322
BRDA:1159,304,2,322
BRDA:1159,304,3,322
BRDA:1164,305,0,228
BRDA:1164,305,1,94
BRDA:1164,306,0,322
BRDA:1164,306,1,303
BRDA:1167,307,0,66
BRDA:1167,307,1,256
BRDA:1167,308,0,322
BRDA:1167,308,1,270
BRDA:1173,309,0,4
BRDA:1173,309,1,995
BRDA:1187,310,0,0
BRDA:1187,310,1,71
BRDA:1187,311,0,71
BRDA:1187,311,1,71
BRDA:1187,311,2,71
BRDA:1191,312,0,19
BRDA:1191,312,1,61
BRDA:1206,313,0,1090
BRDA:1206,313,1,417
BRDA:1214,314,0,1247
BRDA:1214,314,1,260
BRDA:1215,315,0,1507
BRDA:1215,315,1,610
BRDA:1215,315,2,1037
BRDA:1215,315,3,473
BRDA:1215,315,4,854
BRDA:1215,315,5,599
BRDA:1215,315,6,321
BRDA:1215,315,7,133
BRDA:1221,316,0,51
BRDA:1221,316,1,209
BRDA:1222,317,0,51
BRDA:1222,317,1,14
BRDA:1230,318,0,42
BRDA:1230,318,1,167
BRDA:1231,319,0,42
BRDA:1231,319,1,39
BRDA:1231,319,2,36
BRDA:1231,319,3,36
BRDA:1231,319,4,33
BRDA:1231,319,5,31
BRDA:1231,319,6,31
BRDA:1231,319,7,27
BRDA:1232,320,0,167
BRDA:1232,320,1,55
BRDA:1232,320,2,2
BRDA:1232,320,3,2
BRDA:1232,320,4,2
BRDA:1232,320,5,1
BRDA:1232,320,6,1
BRDA:1232,320,7,1
BRDA:1242,321,0,0
BRDA:1242,321,1,67
BRDA:1242,322,0,67
BRDA:1242,322,1,67
BRDA:1242,322,2,67
BRDA:1246,323,0,35
BRDA:1246,323,1,38
BRDA:1248,324,0,73
BRDA:1248,324,1,37
BRDA:1248,324,2,29
BRDA:1248,324,3,44
BRDA:1248,324,4,29
BRDA:1248,324,5,21
BRDA:1248,324,6,50
BRDA:1248,324,7,33
BRDA:1248,324,8,27
BRDA:1248,324,9,23
BRDA:1248,324,10,21
BRDA:1248,324,11,8
BRDA:1258,325,0,24
BRDA:1258,325,1,11
BRDA:1259,326,0,35
BRDA:1259,326,1,17
BRDA:1259,326,2,24
BRDA:1259,326,3,20
BRDA:1259,326,4,13
BRDA:1259,326,5,13
BRDA:1259,326,6,11
BRDA:1259,326,7,11
BRDA:1279,327,0,0
BRDA:1279,327,1,207
BRDA:1279,328,0,207
BRDA:1279,328,1,207
BRDA:1279,328,2,207
BRDA:1282,329,0,207
BRDA:1282,329,1,199
BRDA:1282,329,2,198
BRDA:1282,329,3,189
BRDA:1292,330,0,0
BRDA:1292,330,1,195
BRDA:1292,331,0,195
BRDA:1292,331,1,195
BRDA:1292,331,2,195
BRDA:1306,332,0,1
BRDA:1306,332,1,54
BRDA:1306,333,0,55
BRDA:1306,333,1,54
BRDA:1310,334,0,82
BRDA:1310,334,1,82
BRDA:1312,335,0,238
BRDA:1312,335,1,238
BRDA:1313,336,0,60
BRDA:1313,336,1,128
BRDA:1313,337,0,188
BRDA:1313,337,1,104
BRDA:1314,338,0,23
BRDA:1314,338,1,37
BRDA:1318,339,0,9
BRDA:1318,339,1,28
BRDA:1321,340,0,37
BRDA:1321,340,1,24
BRDA:1321,340,2,20
BRDA:1321,340,3,19
BRDA:1321,340,4,10
BRDA:1321,340,5,19
BRDA:1321,340,6,15
BRDA:1321,340,7,10
BRDA:1333,341,0,22
BRDA:1333,341,1,28
BRDA:1340,342,0,0
BRDA:1340,342,1,1
BRDA:1340,343,0,1
BRDA:1340,343,1,0
BRF:768
BRH:710
end_of_record
TN:
SF:src\odm.js
FN:43,JsonOdm
FN:53,(anonymous_1)
FN:67,(anonymous_2)
FNF:3
FNH:3
FNDA:1,JsonOdm
FNDA:2,(anonymous_1)
FNDA:1,(anonymous_2)
DA:44,1
DA:45,1
DA:46,1
DA:53,1
DA:54,2
DA:55,2
DA:56,2
DA:58,2
DA:59,2
DA:67,1
DA:68,1
DA:69,1
DA:74,1
DA:75,1
DA:76,1
DA:77,0
DA:79,1
DA:80,0
DA:81,0
DA:82,0
DA:83,0
DA:84,0
LF:22
LH:16
BRDA:54,0,0,2
BRDA:54,0,1,0
BRDA:55,1,0,2
BRDA:55,1,1,0
BRDA:58,2,0,2
BRDA:58,2,1,0
BRDA:68,3,0,1
BRDA:68,3,1,0
BRDA:74,4,0,1
BRDA:74,4,1,0
BRDA:76,5,0,0
BRDA:76,5,1,1
BRDA:79,6,0,0
BRDA:79,6,1,1
BRDA:79,7,0,1
BRDA:79,7,1,0
BRF:16
BRH:8
end_of_record
TN:
SF:src\query.js
FN:34,(anonymous_0)
FN:51,(anonymous_1)
FN:82,(anonymous_2)
FN:132,(anonymous_3)
FN:140,(anonymous_4)
FN:153,(anonymous_5)
FN:203,(anonymous_6)
FN:216,(anonymous_7)
FN:218,(anonymous_8)
FN:256,(anonymous_9)
FN:257,falseQueryAccumulation
FN:271,(anonymous_11)
FN:317,(anonymous_12)
FN:318,(anonymous_13)
FN:331,(anonymous_14)
FN:333,(anonymous_15)
FN:334,(anonymous_16)
FN:352,(anonymous_17)
FN:353,(anonymous_18)
FN:354,(anonymous_19)
FN:381,(anonymous_20)
FN:385,(anonymous_21)
FN:390,(anonymous_22)
FN:404,(anonymous_23)
FN:405,(anonymous_24)
FN:410,(anonymous_25)
FN:431,createQueryStringModifier
FN:432,(anonymous_27)
FN:433,(anonymous_28)
FN:434,(anonymous_29)
FN:451,(anonymous_30)
FN:454,(anonymous_31)
FN:459,(anonymous_32)
FN:481,(anonymous_33)
FN:482,(anonymous_34)
FN:501,(anonymous_35)
FN:503,(anonymous_36)
FN:525,(anonymous_37)
FN:526,(anonymous_38)
FN:545,(anonymous_39)
FN:546,(anonymous_40)
FN:564,(anonymous_41)
FN:565,(anonymous_42)
FN:583,(anonymous_43)
FN:585,(anonymous_44)
FN:586,(anonymous_45)
FN:615,(anonymous_46)
FN:616,(anonymous_47)
FN:640,(anonymous_48)
FN:644,(anonymous_49)
FN:668,(anonymous_50)
FN:672,(anonymous_51)
FN:696,(anonymous_52)
FN:700,(anonymous_53)
FN:725,(anonymous_54)
FN:729,(anonymous_55)
FN:744,(anonymous_56)
FN:748,(anonymous_57)
FN:764,(anonymous_58)
FN:768,(anonymous_59)
FN:784,(anonymous_60)
FN:788,(anonymous_61)
FN:804,(anonymous_62)
FN:808,(anonymous_63)
FN:824,(anonymous_64)
FN:825,(anonymous_65)
FN:836,(anonymous_66)
FN:837,(anonymous_67)
FN:848,(anonymous_68)
FN:849,(anonymous_69)
FN:860,(anonymous_70)
FN:861,(anonymous_71)
FN:870,(anonymous_72)
FN:871,(anonymous_73)
FN:880,(anonymous_74)
FN:881,(anonymous_75)
FN:898,(anonymous_76)
FN:900,(anonymous_77)
FN:905,(anonymous_78)
FN:920,(anonymous_79)
FN:924,(anonymous_80)
FN:947,(anonymous_81)
FN:951,(anonymous_82)
FN:967,(anonymous_83)
FN:981,(anonymous_84)
FN:1017,(anonymous_85)
FN:1018,(anonymous_86)
FN:1066,(anonymous_87)
FN:1067,(anonymous_88)
FN:1111,(anonymous_89)
FN:1112,(anonymous_90)
FN:1123,(anonymous_91)
FN:1125,(anonymous_92)
FN:1140,(anonymous_93)
FN:1142,(anonymous_94)
FN:1168,(anonymous_95)
FN:1170,(anonymous_96)
FN:1185,(anonymous_97)
FN:1187,(anonymous_98)
FNF:99
FNH:98
FNDA:157,(anonymous_0)
FNDA:1,(anonymous_1)
FNDA:65,(anonymous_2)
FNDA:49,(anonymous_3)
FNDA:16,(anonymous_4)
FNDA:3,(anonymous_5)
FNDA:2,(anonymous_6)
FNDA:2,(anonymous_7)
FNDA:200,(anonymous_8)
FNDA:2,(anonymous_9)
FNDA:37766,falseQueryAccumulation
FNDA:2,(anonymous_11)
FNDA:1,(anonymous_12)
FNDA:6,(anonymous_13)
FNDA:64,(anonymous_14)
FNDA:64,(anonymous_15)
FNDA:230146,(anonymous_16)
FNDA:13,(anonymous_17)
FNDA:13,(anonymous_18)
FNDA:70015,(anonymous_19)
FNDA:72,(anonymous_20)
FNDA:72,(anonymous_21)
FNDA:230194,(anonymous_22)
FNDA:6,(anonymous_23)
FNDA:6,(anonymous_24)
FNDA:42,(anonymous_25)
FNDA:20,createQueryStringModifier
FNDA:6,(anonymous_27)
FNDA:6,(anonymous_28)
FNDA:42,(anonymous_29)
FNDA:8,(anonymous_30)
FNDA:8,(anonymous_31)
FNDA:800,(anonymous_32)
FNDA:3,(anonymous_33)
FNDA:300,(anonymous_34)
FNDA:1,(anonymous_35)
FNDA:100,(anonymous_36)
FNDA:1,(anonymous_37)
FNDA:100,(anonymous_38)
FNDA:1,(anonymous_39)
FNDA:100,(anonymous_40)
FNDA:2,(anonymous_41)
FNDA:200,(anonymous_42)
FNDA:2,(anonymous_43)
FNDA:2,(anonymous_44)
FNDA:200,(anonymous_45)
FNDA:1,(anonymous_46)
FNDA:4,(anonymous_47)
FNDA:1,(anonymous_48)
FNDA:4,(anonymous_49)
FNDA:1,(anonymous_50)
FNDA:4,(anonymous_51)
FNDA:1,(anonymous_52)
FNDA:4,(anonymous_53)
FNDA:2,(anonymous_54)
FNDA:6,(anonymous_55)
FNDA:23,(anonymous_56)
FNDA:130024,(anonymous_57)
FNDA:1,(anonymous_58)
FNDA:9999,(anonymous_59)
FNDA:1,(anonymous_60)
FNDA:2,(anonymous_61)
FNDA:2,(anonymous_62)
FNDA:4,(anonymous_63)
FNDA:3,(anonymous_64)
FNDA:20000,(anonymous_65)
FNDA:1,(anonymous_66)
FNDA:2,(anonymous_67)
FNDA:2,(anonymous_68)
FNDA:19998,(anonymous_69)
FNDA:2,(anonymous_70)
FNDA:4,(anonymous_71)
FNDA:2,(anonymous_72)
FNDA:4,(anonymous_73)
FNDA:2,(anonymous_74)
FNDA:4,(anonymous_75)
FNDA:3,(anonymous_76)
FNDA:0,(anonymous_77)
FNDA:6,(anonymous_78)
FNDA:2,(anonymous_79)
FNDA:10007,(anonymous_80)
FNDA:4,(anonymous_81)
FNDA:39996,(anonymous_82)
FNDA:7,(anonymous_83)
FNDA:42,(anonymous_84)
FNDA:5,(anonymous_85)
FNDA:30,(anonymous_86)
FNDA:2,(anonymous_87)
FNDA:12,(anonymous_88)
FNDA:2,(anonymous_89)
FNDA:12,(anonymous_90)
FNDA:3,(anonymous_91)
FNDA:29997,(anonymous_92)
FNDA:1,(anonymous_93)
FNDA:9999,(anonymous_94)
FNDA:2,(anonymous_95)
FNDA:19998,(anonymous_96)
FNDA:1,(anonymous_97)
FNDA:9999,(anonymous_98)
DA:4,1
DA:6,0
DA:7,0
DA:9,0
DA:34,1
DA:35,157
DA:36,157
DA:37,157
DA:38,157
DA:39,157
DA:51,1
DA:52,1
DA:53,0
DA:55,1
DA:56,9999
DA:57,9999
DA:58,9999
DA:59,500
DA:62,9999
DA:63,9499
DA:65,500
DA:68,1
DA:82,1
DA:83,65
DA:84,1
DA:86,64
DA:87,64
DA:89,64
DA:92,64
DA:93,140961
DA:94,140961
DA:95,140973
DA:96,140973
DA:97,126893
DA:100,140961
DA:101,14068
DA:102,0
DA:103,0
DA:105,14068
DA:106,5
DA:109,14063
DA:110,14063
DA:111,6
DA:113,14063
DA:114,14063
DA:117,59
DA:118,2
DA:120,59
DA:132,1
DA:133,49
DA:140,1
DA:141,16
DA:153,1
DA:154,3
DA:155,2
DA:157,3
DA:158,1
DA:160,3
DA:161,2
DA:164,3
DA:165,2
DA:167,3
DA:168,1
DA:170,3
DA:171,2
DA:173,3
DA:203,1
DA:204,2
DA:205,2
DA:206,2
DA:208,2
DA:212,1
DA:213,1
DA:215,2
DA:217,2
DA:218,2
DA:220,200
DA:221,200
DA:224,200
DA:225,400
DA:226,400
DA:227,400
DA:228,200
DA:229,10
DA:231,200
DA:233,400
DA:234,400
DA:235,100
DA:236,100
DA:238,100
DA:240,400
DA:242,200
DA:244,51
DA:248,51
DA:250,200
DA:252,200
DA:258,37766
DA:259,197984
DA:260,11960
DA:262,186024
DA:263,184
DA:265,186024
DA:266,37720
DA:271,2
DA:272,2
DA:273,2
DA:274,51
DA:275,5
DA:277,46
DA:278,46
DA:279,46
DA:280,100
DA:282,46
DA:283,138
DA:284,138
DA:287,46
DA:290,2
DA:317,1
DA:318,1
DA:319,6
DA:331,1
DA:332,64
DA:333,64
DA:334,64
DA:335,230146
DA:336,0
DA:338,230146
DA:339,230146
DA:342,64
DA:343,64
DA:352,1
DA:353,13
DA:354,13
DA:355,70015
DA:356,0
DA:358,70015
DA:359,70015
DA:360,150045
DA:361,150043
DA:362,150043
DA:366,2
DA:369,70015
DA:372,13
DA:373,13
DA:374,13
DA:381,1
DA:382,72
DA:383,0
DA:385,72
DA:390,72
DA:391,230194
DA:394,72
DA:395,72
DA:396,72
DA:404,1
DA:405,6
DA:410,6
DA:411,42
DA:412,42
DA:415,6
DA:416,6
DA:430,1
DA:432,20
DA:433,6
DA:434,6
DA:435,42
DA:440,1
DA:441,20
DA:451,1
DA:452,8
DA:453,8
DA:454,8
DA:459,8
DA:460,800
DA:461,800
DA:462,800
DA:463,800
DA:466,8
DA:467,8
DA:481,1
DA:482,3
DA:483,300
DA:484,93
DA:486,300
DA:501,1
DA:503,1
DA:504,100
DA:505,1
DA:506,1
DA:508,100
DA:509,100
DA:510,100
DA:525,1
DA:526,1
DA:527,100
DA:528,1
DA:530,100
DA:545,1
DA:546,1
DA:547,100
DA:548,1
DA:550,100
DA:564,1
DA:565,2
DA:566,200
DA:567,47
DA:569,200
DA:583,1
DA:584,2
DA:585,2
DA:586,2
DA:587,200
DA:588,200
DA:589,200
DA:590,200
DA:593,2
DA:594,2
DA:615,1
DA:616,1
DA:617,4
DA:618,4
DA:619,8
DA:621,4
DA:640,1
DA:641,1
DA:642,0
DA:644,1
DA:645,4
DA:646,4
DA:647,8
DA:649,4
DA:668,1
DA:669,1
DA:670,0
DA:672,1
DA:673,4
DA:674,4
DA:675,8
DA:677,4
DA:696,1
DA:697,1
DA:698,0
DA:700,1
DA:701,4
DA:702,4
DA:703,8
DA:705,4
DA:725,1
DA:726,2
DA:727,0
DA:729,2
DA:730,6
DA:731,6
DA:732,6
DA:734,6
DA:744,1
DA:745,23
DA:746,0
DA:748,23
DA:749,130024
DA:750,140022
DA:751,24
DA:754,130000
DA:764,1
DA:765,1
DA:766,0
DA:768,1
DA:769,9999
DA:770,19997
DA:771,2
DA:774,9997
DA:784,1
DA:785,1
DA:786,0
DA:788,1
DA:789,2
DA:790,2
DA:791,1
DA:794,1
DA:804,1
DA:805,2
DA:806,0
DA:808,2
DA:809,4
DA:810,5
DA:811,3
DA:814,1
DA:824,1
DA:825,3
DA:826,20000
DA:836,1
DA:837,1
DA:838,2
DA:848,1
DA:849,2
DA:850,19998
DA:860,1
DA:861,2
DA:862,4
DA:870,1
DA:871,2
DA:872,4
DA:880,1
DA:881,2
DA:882,4
DA:898,1
DA:899,3
DA:900,0
DA:901,0
DA:905,3
DA:906,6
DA:920,1
DA:921,2
DA:922,0
DA:924,2
DA:925,10007
DA:947,1
DA:948,4
DA:949,2
DA:951,4
DA:952,39996
DA:967,1
DA:968,7
DA:969,7
DA:970,7
DA:972,7
DA:973,2
DA:975,7
DA:976,7
DA:977,2
DA:979,7
DA:980,7
DA:981,7
DA:983,42
DA:984,12
DA:985,2
DA:989,40
DA:990,12
DA:991,9
DA:995,31
DA:996,44
DA:997,12
DA:1001,19
DA:1017,1
DA:1018,5
DA:1019,30
DA:1020,12
DA:1022,18
DA:1066,1
DA:1067,2
DA:1068,12
DA:1111,1
DA:1112,2
DA:1113,12
DA:1123,1
DA:1125,3
DA:1126,29997
DA:1127,30000
DA:1128,29994
DA:1131,3
DA:1140,1
DA:1142,1
DA:1143,9999
DA:1144,10000
DA:1145,9998
DA:1148,1
DA:1161,1
DA:1168,1
DA:1170,2
DA:1171,19998
DA:1172,39994
DA:1173,4
DA:1176,19994
DA:1185,1
DA:1187,1
DA:1188,9999
DA:1189,10800
DA:1190,9799
DA:1193,200
DA:1197,1
DA:1198,0
LF:381
LH:360
BRDA:4,0,0,0
BRDA:4,0,1,1
BRDA:6,1,0,0
BRDA:6,1,1,0
BRDA:38,2,0,157
BRDA:38,2,1,0
BRDA:52,3,0,0
BRDA:52,3,1,1
BRDA:58,4,0,500
BRDA:58,4,1,9499
BRDA:58,5,0,9999
BRDA:58,5,1,9999
BRDA:62,6,0,9499
BRDA:62,6,1,500
BRDA:83,7,0,1
BRDA:83,7,1,64
BRDA:83,8,0,65
BRDA:83,8,1,2
BRDA:86,9,0,49
BRDA:86,9,1,15
BRDA:87,10,0,49
BRDA:87,10,1,15
BRDA:96,11,0,126893
BRDA:96,11,1,14080
BRDA:96,12,0,140973
BRDA:96,12,1,140973
BRDA:96,12,2,140873
BRDA:96,12,3,14080
BRDA:100,13,0,14068
BRDA:100,13,1,126893
BRDA:101,14,0,0
BRDA:101,14,1,14068
BRDA:105,15,0,5
BRDA:105,15,1,14063
BRDA:154,16,0,2
BRDA:154,16,1,1
BRDA:157,17,0,1
BRDA:157,17,1,2
BRDA:160,18,0,2
BRDA:160,18,1,1
BRDA:164,19,0,2
BRDA:164,19,1,1
BRDA:167,20,0,1
BRDA:167,20,1,2
BRDA:170,21,0,2
BRDA:170,21,1,1
BRDA:208,22,0,1
BRDA:208,22,1,1
BRDA:209,23,0,2
BRDA:209,23,1,1
BRDA:209,23,2,1
BRDA:209,23,3,1
BRDA:225,24,0,100
BRDA:225,24,1,300
BRDA:227,25,0,200
BRDA:227,25,1,200
BRDA:228,26,0,10
BRDA:228,26,1,190
BRDA:235,27,0,100
BRDA:235,27,1,0
BRDA:242,28,0,51
BRDA:242,28,1,149
BRDA:259,29,0,11960
BRDA:259,29,1,186024
BRDA:262,30,0,184
BRDA:262,30,1,185840
BRDA:265,31,0,37720
BRDA:265,31,1,148304
BRDA:274,32,0,5
BRDA:274,32,1,46
BRDA:283,33,0,138
BRDA:283,33,1,0
BRDA:335,34,0,0
BRDA:335,34,1,230146
BRDA:335,35,0,230146
BRDA:335,35,1,230146
BRDA:335,35,2,24
BRDA:335,35,3,230146
BRDA:338,36,0,24
BRDA:338,36,1,230122
BRDA:338,37,0,0
BRDA:338,37,1,230122
BRDA:355,38,0,0
BRDA:355,38,1,70015
BRDA:360,39,0,150043
BRDA:360,39,1,2
BRDA:382,40,0,0
BRDA:382,40,1,72
BRDA:411,41,0,42
BRDA:411,41,1,0
BRDA:412,42,0,42
BRDA:412,42,1,0
BRDA:414,43,0,6
BRDA:414,43,1,0
BRDA:435,44,0,42
BRDA:435,44,1,0
BRDA:435,45,0,42
BRDA:435,45,1,42
BRDA:452,46,0,6
BRDA:452,46,1,2
BRDA:460,47,0,600
BRDA:460,47,1,200
BRDA:483,48,0,93
BRDA:483,48,1,207
BRDA:504,49,0,1
BRDA:504,49,1,99
BRDA:527,50,0,1
BRDA:527,50,1,99
BRDA:547,51,0,1
BRDA:547,51,1,99
BRDA:566,52,0,47
BRDA:566,52,1,153
BRDA:587,53,0,47
BRDA:587,53,1,153
BRDA:617,54,0,4
BRDA:617,54,1,0
BRDA:641,55,0,0
BRDA:641,55,1,1
BRDA:645,56,0,4
BRDA:645,56,1,0
BRDA:669,57,0,0
BRDA:669,57,1,1
BRDA:673,58,0,4
BRDA:673,58,1,0
BRDA:697,59,0,0
BRDA:697,59,1,1
BRDA:701,60,0,4
BRDA:701,60,1,0
BRDA:726,61,0,0
BRDA:726,61,1,2
BRDA:730,62,0,6
BRDA:730,62,1,0
BRDA:745,63,0,0
BRDA:745,63,1,23
BRDA:750,64,0,24
BRDA:750,64,1,139998
BRDA:765,65,0,0
BRDA:765,65,1,1
BRDA:770,66,0,2
BRDA:770,66,1,19995
BRDA:785,67,0,0
BRDA:785,67,1,1
BRDA:790,68,0,1
BRDA:790,68,1,1
BRDA:805,69,0,0
BRDA:805,69,1,2
BRDA:810,70,0,3
BRDA:810,70,1,2
BRDA:872,71,0,4
BRDA:872,71,1,2
BRDA:899,72,0,0
BRDA:899,72,1,3
BRDA:921,73,0,0
BRDA:921,73,1,2
BRDA:921,74,0,2
BRDA:921,74,1,2
BRDA:948,75,0,2
BRDA:948,75,1,2
BRDA:949,76,0,1
BRDA:949,76,1,1
BRDA:984,77,0,2
BRDA:984,77,1,10
BRDA:990,78,0,9
BRDA:990,78,1,3
BRDA:996,79,0,12
BRDA:996,79,1,32
BRDA:1019,80,0,12
BRDA:1019,80,1,18
BRDA:1068,81,0,12
BRDA:1068,81,1,12
BRDA:1068,81,2,12
BRDA:1113,82,0,12
BRDA:1113,82,1,12
BRDA:1113,82,2,12
BRDA:1127,83,0,29994
BRDA:1127,83,1,6
BRDA:1144,84,0,9998
BRDA:1144,84,1,2
BRDA:1172,85,0,4
BRDA:1172,85,1,39990
BRDA:1189,86,0,9799
BRDA:1189,86,1,1001
BRDA:1197,87,0,0
BRDA:1197,87,1,1
BRDA:1197,88,0,1
BRDA:1197,88,1,0
BRF:186
BRH:153
end_of_record
TN:
SF:src\util.js
FN:17,(anonymous_0)
FN:27,(anonymous_1)
FN:41,(anonymous_2)
FN:68,(anonymous_3)
FN:82,(anonymous_4)
FN:120,(anonymous_5)
FN:121,goDown
FN:151,(anonymous_7)
FNF:8
FNH:8
FNDA:1,(anonymous_0)
FNDA:5203,(anonymous_1)
FNDA:18,(anonymous_2)
FNDA:1,(anonymous_3)
FNDA:3,(anonymous_4)
FNDA:231199,(anonymous_5)
FNDA:462454,goDown
FNDA:109,(anonymous_7)
DA:4,1
DA:6,0
DA:7,0
DA:9,0
DA:17,1
DA:27,1
DA:28,5203
DA:29,0
DA:31,5203
DA:41,1
DA:42,18
DA:43,18
DA:44,18
DA:45,18
DA:46,20
DA:47,20
DA:48,1
DA:51,19
DA:52,12
DA:55,7
DA:56,0
DA:59,5
DA:68,1
DA:69,1
DA:70,1
DA:71,1
DA:80,1
DA:82,1
DA:83,3
DA:84,1
DA:87,2
DA:89,2
DA:90,2
DA:91,2
DA:95,2
DA:96,0
DA:97,0
DA:98,0
DA:102,2
DA:112,1
DA:120,1
DA:122,462454
DA:123,231303
DA:124,231303
DA:125,231255
DA:127,231151
DA:130,231199
DA:151,1
DA:152,109
DA:153,109
DA:154,437
DA:155,0
DA:157,437
DA:158,9
DA:159,428
DA:160,8
DA:161,420
DA:162,418
DA:163,418
DA:164,2
DA:165,2
DA:168,109
DA:171,1
DA:174,1
DA:175,0
LF:65
LH:55
BRDA:4,0,0,0
BRDA:4,0,1,1
BRDA:6,1,0,0
BRDA:6,1,1,0
BRDA:28,2,0,0
BRDA:28,2,1,5203
BRDA:42,3,0,10
BRDA:42,3,1,8
BRDA:47,4,0,1
BRDA:47,4,1,19
BRDA:47,5,0,20
BRDA:47,5,1,1
BRDA:51,6,0,12
BRDA:51,6,1,7
BRDA:55,7,0,0
BRDA:55,7,1,7
BRDA:83,8,0,1
BRDA:83,8,1,2
BRDA:83,9,0,3
BRDA:83,9,1,1
BRDA:83,9,2,0
BRDA:90,10,0,2
BRDA:90,10,1,0
BRDA:95,11,0,0
BRDA:95,11,1,2
BRDA:97,12,0,0
BRDA:97,12,1,0
BRDA:112,13,0,1
BRDA:112,13,1,0
BRDA:122,14,0,231303
BRDA:122,14,1,231151
BRDA:122,15,0,462454
BRDA:122,15,1,462454
BRDA:122,15,2,231303
BRDA:124,16,0,48
BRDA:124,16,1,231255
BRDA:154,17,0,0
BRDA:154,17,1,437
BRDA:157,18,0,9
BRDA:157,18,1,428
BRDA:159,19,0,8
BRDA:159,19,1,420
BRDA:160,20,0,8
BRDA:160,20,1,7
BRDA:161,21,0,418
BRDA:161,21,1,2
BRDA:163,22,0,400
BRDA:163,22,1,18
BRDA:164,23,0,2
BRDA:164,23,1,0
BRDA:165,24,0,2
BRDA:165,24,1,1
BRDA:174,25,0,0
BRDA:174,25,1,1
BRDA:174,26,0,1
BRDA:174,26,1,0
BRF:56
BRH:41
end_of_record
