TN:
SF:C:\Users\Richard Burkhardt\websites\json-odm\src\odm.js
FN:43,JsonOdm
FN:53,(anonymous_2)
FN:67,(anonymous_3)
FNF:3
FNH:3
FNDA:1,JsonOdm
FNDA:2,(anonymous_2)
FNDA:1,(anonymous_3)
DA:43,1
DA:44,1
DA:45,1
DA:46,1
DA:53,1
DA:54,2
DA:55,2
DA:56,2
DA:58,2
DA:59,2
DA:67,1
DA:68,1
DA:69,1
DA:74,1
DA:75,1
DA:76,1
DA:77,0
DA:79,1
DA:80,0
LF:19
LH:17
BRDA:54,1,0,2
BRDA:54,1,1,0
BRDA:55,2,0,2
BRDA:55,2,1,0
BRDA:58,3,0,2
BRDA:58,3,1,0
BRDA:68,4,0,1
BRDA:68,4,1,0
BRDA:74,5,0,1
BRDA:74,5,1,0
BRDA:76,6,0,0
BRDA:76,6,1,1
BRDA:79,7,0,0
BRDA:79,7,1,1
BRDA:79,8,0,1
BRDA:79,8,1,0
BRF:16
BRH:8
end_of_record
TN:
SF:C:\Users\Richard Burkhardt\websites\json-odm\src\util.js
FN:12,(anonymous_1)
FN:22,(anonymous_2)
FN:36,(anonymous_3)
FN:63,(anonymous_4)
FN:77,(anonymous_5)
FN:115,(anonymous_6)
FN:116,goDown
FN:146,(anonymous_8)
FNF:8
FNH:8
FNDA:1,(anonymous_1)
FNDA:5203,(anonymous_2)
FNDA:18,(anonymous_3)
FNDA:1,(anonymous_4)
FNDA:3,(anonymous_5)
FNDA:231199,(anonymous_6)
FNDA:462454,goDown
FNDA:109,(anonymous_8)
DA:4,1
DA:5,0
DA:12,1
DA:22,1
DA:23,5203
DA:24,0
DA:26,5203
DA:36,1
DA:37,18
DA:38,18
DA:39,18
DA:40,18
DA:41,20
DA:42,20
DA:43,1
DA:46,19
DA:47,12
DA:50,7
DA:51,0
DA:54,5
DA:63,1
DA:64,1
DA:77,1
DA:78,3
DA:79,1
DA:82,2
DA:84,2
DA:85,2
DA:86,2
DA:90,2
DA:91,0
DA:92,0
DA:93,0
DA:97,2
DA:107,1
DA:115,1
DA:116,1
DA:117,462454
DA:118,231303
DA:119,231303
DA:120,231255
DA:122,231151
DA:125,231199
DA:146,1
DA:147,109
DA:148,109
DA:149,437
DA:150,0
DA:152,437
DA:153,9
DA:154,428
DA:155,8
DA:156,420
DA:157,418
DA:158,418
DA:159,2
DA:160,2
DA:163,109
DA:166,1
LF:59
LH:52
BRDA:4,1,0,0
BRDA:4,1,1,1
BRDA:23,2,0,0
BRDA:23,2,1,5203
BRDA:37,3,0,10
BRDA:37,3,1,8
BRDA:42,4,0,1
BRDA:42,4,1,19
BRDA:42,5,0,20
BRDA:42,5,1,1
BRDA:46,6,0,12
BRDA:46,6,1,7
BRDA:50,7,0,0
BRDA:50,7,1,7
BRDA:78,8,0,1
BRDA:78,8,1,2
BRDA:78,9,0,3
BRDA:78,9,1,1
BRDA:78,9,2,0
BRDA:85,10,0,2
BRDA:85,10,1,0
BRDA:90,11,0,0
BRDA:90,11,1,2
BRDA:92,12,0,0
BRDA:92,12,1,0
BRDA:107,13,0,1
BRDA:107,13,1,0
BRDA:117,14,0,231303
BRDA:117,14,1,231151
BRDA:117,15,0,462454
BRDA:117,15,1,462454
BRDA:117,15,2,231303
BRDA:119,16,0,48
BRDA:119,16,1,231255
BRDA:149,17,0,0
BRDA:149,17,1,437
BRDA:152,18,0,9
BRDA:152,18,1,428
BRDA:154,19,0,8
BRDA:154,19,1,420
BRDA:155,20,0,8
BRDA:155,20,1,7
BRDA:156,21,0,418
BRDA:156,21,1,2
BRDA:158,22,0,400
BRDA:158,22,1,18
BRDA:159,23,0,2
BRDA:159,23,1,0
BRDA:160,24,0,2
BRDA:160,24,1,1
BRF:50
BRH:39
end_of_record
TN:
SF:C:\Users\Richard Burkhardt\websites\json-odm\src\collection.js
FN:15,(anonymous_1)
FN:25,(anonymous_2)
FN:38,(anonymous_3)
FN:39,(anonymous_4)
FN:51,(anonymous_5)
FN:99,(anonymous_6)
FN:134,(anonymous_7)
FNF:7
FNH:7
FNDA:98,(anonymous_1)
FNDA:1,(anonymous_2)
FNDA:99,(anonymous_3)
FNDA:99,(anonymous_4)
FNDA:1,(anonymous_5)
FNDA:9,(anonymous_6)
FNDA:62,(anonymous_7)
DA:4,1
DA:5,0
DA:15,1
DA:16,98
DA:18,98
DA:20,98
DA:21,31
DA:23,98
DA:25,98
DA:26,1
DA:27,1
DA:28,1
DA:31,98
DA:38,1
DA:39,99
DA:40,99
DA:51,99
DA:53,1
DA:55,1
DA:56,1
DA:57,1
DA:60,1
DA:61,1
DA:62,1
DA:63,1
DA:65,1
DA:66,1
DA:67,4
DA:68,4
DA:69,7
DA:70,2
DA:71,2
DA:74,4
DA:75,2
DA:76,1
DA:78,2
DA:99,99
DA:101,9
DA:103,9
DA:104,9
DA:105,9
DA:108,9
DA:109,801
DA:110,801
DA:111,1
DA:113,801
DA:114,101
DA:115,101
DA:116,400
DA:117,101
DA:118,101
DA:121,101
DA:122,101
DA:134,99
DA:135,62
DA:140,99
LF:56
LH:55
BRDA:4,1,0,0
BRDA:4,1,1,1
BRDA:18,2,0,98
BRDA:18,2,1,0
BRDA:20,3,0,31
BRDA:20,3,1,67
BRDA:20,4,0,98
BRDA:20,4,1,32
BRDA:20,4,2,32
BRDA:40,5,0,99
BRDA:40,5,1,0
BRDA:53,6,0,1
BRDA:53,6,1,0
BRDA:53,7,0,1
BRDA:53,7,1,0
BRDA:56,8,0,1
BRDA:56,8,1,0
BRDA:56,9,0,1
BRDA:56,9,1,1
BRDA:56,9,2,1
BRDA:62,10,0,1
BRDA:62,10,1,0
BRDA:65,11,0,1
BRDA:65,11,1,0
BRDA:66,12,0,5
BRDA:66,12,1,5
BRDA:69,13,0,2
BRDA:69,13,1,5
BRDA:74,14,0,2
BRDA:74,14,1,2
BRDA:75,15,0,1
BRDA:75,15,1,1
BRDA:101,16,0,9
BRDA:101,16,1,0
BRDA:101,17,0,9
BRDA:101,17,1,8
BRDA:104,18,0,9
BRDA:104,18,1,0
BRDA:104,19,0,9
BRDA:104,19,1,9
BRDA:104,19,2,9
BRDA:110,20,0,1
BRDA:110,20,1,800
BRDA:113,21,0,101
BRDA:113,21,1,700
BRDA:116,22,0,101
BRDA:116,22,1,299
BRDA:121,23,0,101
BRDA:121,23,1,0
BRF:49
BRH:38
end_of_record
TN:
SF:C:\Users\Richard Burkhardt\websites\json-odm\src\geo.js
FN:16,(anonymous_1)
FN:24,(anonymous_2)
FN:54,(anonymous_3)
FN:70,(anonymous_4)
FN:90,(anonymous_5)
FN:114,(anonymous_6)
FN:130,(anonymous_7)
FN:144,(anonymous_8)
FN:217,(anonymous_9)
FN:231,(anonymous_10)
FN:326,(anonymous_11)
FN:408,(anonymous_12)
FN:422,(anonymous_13)
FN:485,(anonymous_14)
FN:562,(anonymous_15)
FN:576,(anonymous_16)
FN:661,(anonymous_17)
FN:743,(anonymous_18)
FN:757,(anonymous_19)
FN:812,(anonymous_20)
FN:883,(anonymous_21)
FN:897,(anonymous_22)
FN:962,(anonymous_23)
FN:1026,(anonymous_24)
FN:1040,(anonymous_25)
FN:1062,(anonymous_26)
FN:1082,(anonymous_27)
FN:1125,(anonymous_28)
FN:1153,(anonymous_29)
FN:1181,(anonymous_30)
FN:1200,(anonymous_31)
FN:1236,(anonymous_32)
FN:1273,(anonymous_33)
FN:1286,(anonymous_34)
FN:1300,(anonymous_35)
FNF:35
FNH:31
FNDA:0,(anonymous_1)
FNDA:9,(anonymous_2)
FNDA:0,(anonymous_3)
FNDA:0,(anonymous_4)
FNDA:67,(anonymous_5)
FNDA:0,(anonymous_6)
FNDA:52,(anonymous_7)
FNDA:48,(anonymous_8)
FNDA:97,(anonymous_9)
FNDA:38,(anonymous_10)
FNDA:53,(anonymous_11)
FNDA:115,(anonymous_12)
FNDA:33,(anonymous_13)
FNDA:42,(anonymous_14)
FNDA:142,(anonymous_15)
FNDA:40,(anonymous_16)
FNDA:44,(anonymous_17)
FNDA:127,(anonymous_18)
FNDA:39,(anonymous_19)
FNDA:50,(anonymous_20)
FNDA:146,(anonymous_21)
FNDA:32,(anonymous_22)
FNDA:35,(anonymous_23)
FNDA:41,(anonymous_24)
FNDA:3,(anonymous_25)
FNDA:3,(anonymous_26)
FNDA:988,(anonymous_27)
FNDA:161,(anonymous_28)
FNDA:322,(anonymous_29)
FNDA:71,(anonymous_30)
FNDA:1507,(anonymous_31)
FNDA:67,(anonymous_32)
FNDA:207,(anonymous_33)
FNDA:195,(anonymous_34)
FNDA:55,(anonymous_35)
DA:4,1
DA:5,0
DA:16,1
DA:24,1
DA:25,9
DA:26,9
DA:27,1
DA:28,8
DA:29,5
DA:30,3
DA:31,1
DA:32,2
DA:35,1
DA:36,1
DA:40,1
DA:42,0
DA:45,9
DA:54,1
DA:55,0
DA:56,0
DA:57,0
DA:58,0
DA:70,1
DA:71,0
DA:72,0
DA:73,0
DA:75,0
DA:76,0
DA:78,0
DA:79,0
DA:90,1
DA:91,67
DA:93,67
DA:94,67
DA:95,66
DA:96,66
DA:97,66
DA:98,66
DA:100,1
DA:101,1
DA:102,1
DA:103,1
DA:105,67
DA:114,1
DA:115,0
DA:116,0
DA:119,0
DA:130,1
DA:131,52
DA:132,52
DA:133,52
DA:134,0
DA:144,1
DA:145,48
DA:146,48
DA:147,0
DA:149,48
DA:150,2
DA:152,46
DA:153,19
DA:154,38
DA:155,10
DA:158,9
DA:160,27
DA:161,7
DA:162,12
DA:163,22
DA:164,4
DA:168,3
DA:170,20
DA:172,5
DA:174,15
DA:175,9
DA:177,13
DA:178,8
DA:181,1
DA:183,6
DA:185,3
DA:186,5
DA:187,2
DA:190,1
DA:193,3
DA:205,1
DA:217,1
DA:218,97
DA:219,97
DA:220,97
DA:221,0
DA:231,1
DA:232,38
DA:233,38
DA:234,0
DA:236,38
DA:237,2
DA:239,36
DA:240,6
DA:241,10
DA:242,10
DA:243,22
DA:244,7
DA:245,7
DA:248,10
DA:249,3
DA:252,3
DA:254,30
DA:255,5
DA:256,6
DA:257,4
DA:260,1
DA:262,25
DA:263,7
DA:264,11
DA:265,11
DA:266,18
DA:267,8
DA:268,8
DA:271,11
DA:272,3
DA:275,4
DA:277,18
DA:278,4
DA:280,7
DA:281,1
DA:284,3
DA:286,14
DA:287,8
DA:288,15
DA:289,15
DA:291,23
DA:292,14
DA:293,14
DA:296,15
DA:297,1
DA:300,7
DA:302,6
DA:304,3
DA:305,5
DA:306,2
DA:309,1
DA:312,3
DA:313,5
DA:314,1
DA:317,2
DA:326,1
DA:327,53
DA:328,53
DA:329,0
DA:331,53
DA:332,2
DA:334,51
DA:335,6
DA:336,10
DA:337,20
DA:338,3
DA:342,3
DA:344,45
DA:345,8
DA:346,13
DA:347,4
DA:350,4
DA:352,37
DA:353,10
DA:354,14
DA:355,25
DA:356,7
DA:360,3
DA:362,27
DA:363,7
DA:364,10
DA:365,6
DA:368,1
DA:370,20
DA:371,13
DA:372,19
DA:374,31
DA:375,12
DA:379,1
DA:381,7
DA:382,3
DA:383,5
DA:384,2
DA:387,1
DA:390,4
DA:391,6
DA:392,3
DA:395,1
DA:408,1
DA:409,115
DA:410,115
DA:411,115
DA:412,0
DA:422,1
DA:423,33
DA:424,33
DA:425,0
DA:427,33
DA:428,2
DA:431,31
DA:432,8
DA:434,23
DA:435,7
DA:436,12
DA:437,3
DA:440,4
DA:442,16
DA:443,4
DA:444,4
DA:445,2
DA:448,2
DA:450,12
DA:451,6
DA:452,9
DA:453,12
DA:454,5
DA:458,1
DA:460,6
DA:462,3
DA:463,5
DA:464,2
DA:467,1
DA:470,3
DA:471,5
DA:472,1
DA:475,2
DA:485,1
DA:486,42
DA:487,42
DA:488,0
DA:490,42
DA:491,1
DA:493,41
DA:494,1
DA:497,40
DA:498,8
DA:499,12
DA:500,5
DA:503,3
DA:505,32
DA:506,13
DA:507,19
DA:508,29
DA:509,9
DA:513,4
DA:515,19
DA:516,5
DA:517,5
DA:518,4
DA:521,1
DA:523,14
DA:524,8
DA:525,12
DA:526,13
DA:527,7
DA:531,1
DA:533,6
DA:535,3
DA:536,4
DA:537,2
DA:540,1
DA:543,3
DA:544,3
DA:545,2
DA:548,1
DA:562,1
DA:563,142
DA:564,142
DA:565,142
DA:566,0
DA:576,1
DA:577,40
DA:578,40
DA:579,0
DA:581,40
DA:582,2
DA:585,38
DA:586,7
DA:587,9
DA:588,3
DA:591,4
DA:593,31
DA:594,9
DA:595,14
DA:596,14
DA:597,23
DA:598,9
DA:599,9
DA:602,14
DA:603,5
DA:606,4
DA:608,22
DA:609,7
DA:610,11
DA:611,13
DA:612,5
DA:616,2
DA:618,15
DA:619,6
DA:620,11
DA:621,11
DA:622,22
DA:623,26
DA:624,9
DA:625,9
DA:629,11
DA:630,2
DA:633,4
DA:635,9
DA:637,3
DA:638,5
DA:639,2
DA:642,1
DA:645,6
DA:646,10
DA:647,25
DA:648,3
DA:652,3
DA:661,1
DA:662,44
DA:663,44
DA:664,0
DA:666,44
DA:667,1
DA:669,43
DA:670,1
DA:672,42
DA:673,7
DA:675,35
DA:676,9
DA:677,14
DA:678,18
DA:679,30
DA:680,5
DA:685,4
DA:687,26
DA:688,8
DA:689,12
DA:690,18
DA:691,5
DA:695,3
DA:697,18
DA:698,8
DA:699,10
DA:700,15
DA:701,15
DA:702,7
DA:707,1
DA:709,10
DA:711,4
DA:712,6
DA:713,3
DA:716,1
DA:719,6
DA:720,7
DA:721,9
DA:722,5
DA:726,1
DA:743,1
DA:744,127
DA:745,127
DA:746,127
DA:747,0
DA:757,1
DA:758,39
DA:759,39
DA:760,0
DA:762,39
DA:763,4
DA:766,35
DA:767,8
DA:768,17
DA:769,6
DA:772,2
DA:774,27
DA:775,6
DA:776,10
DA:777,21
DA:778,21
DA:779,6
DA:781,15
DA:782,4
DA:786,2
DA:788,21
DA:790,3
DA:791,5
DA:792,2
DA:795,1
DA:798,18
DA:799,113
DA:800,12
DA:803,6
DA:812,1
DA:813,50
DA:814,50
DA:815,0
DA:817,50
DA:818,1
DA:820,49
DA:821,1
DA:823,48
DA:824,1
DA:826,47
DA:827,1
DA:830,46
DA:831,8
DA:832,26
DA:833,4
DA:836,4
DA:838,38
DA:839,17
DA:840,22
DA:841,50
DA:842,13
DA:846,4
DA:848,21
DA:850,3
DA:851,5
DA:852,2
DA:855,1
DA:858,18
DA:859,162
DA:860,12
DA:863,6
DA:883,1
DA:884,146
DA:885,146
DA:886,146
DA:887,0
DA:897,1
DA:898,32
DA:899,32
DA:900,0
DA:902,32
DA:903,4
DA:906,28
DA:907,9
DA:908,12
DA:909,27
DA:910,6
DA:914,3
DA:916,19
DA:917,8
DA:918,11
DA:919,11
DA:920,22
DA:921,37
DA:922,37
DA:923,15
DA:925,22
DA:926,7
DA:927,7
DA:931,11
DA:932,4
DA:935,4
DA:937,11
DA:938,3
DA:939,5
DA:940,2
DA:943,1
DA:946,8
DA:947,13
DA:948,50
DA:949,4
DA:953,4
DA:962,1
DA:963,35
DA:964,35
DA:965,0
DA:967,35
DA:968,1
DA:970,34
DA:971,1
DA:973,33
DA:974,1
DA:976,32
DA:977,1
DA:979,31
DA:980,10
DA:983,21
DA:984,8
DA:985,9
DA:986,14
DA:987,31
DA:988,6
DA:993,2
DA:995,13
DA:996,4
DA:997,6
DA:998,3
DA:1001,1
DA:1004,9
DA:1005,11
DA:1006,17
DA:1007,8
DA:1011,1
DA:1026,1
DA:1027,41
DA:1028,41
DA:1029,41
DA:1030,0
DA:1040,1
DA:1041,3
DA:1042,0
DA:1044,3
DA:1045,9
DA:1046,9
DA:1047,1
DA:1050,0
DA:1053,2
DA:1062,1
DA:1063,3
DA:1064,0
DA:1066,3
DA:1067,7
DA:1068,7
DA:1069,2
DA:1073,1
DA:1082,1
DA:1083,988
DA:1084,25
DA:1087,963
DA:1090,963
DA:1091,3
DA:1095,963
DA:1096,3596
DA:1097,57
DA:1099,3539
DA:1104,2689
DA:1106,850
DA:1108,850
DA:1109,103
DA:1112,747
DA:1113,639
DA:1116,803
DA:1125,1
DA:1126,161
DA:1127,0
DA:1131,161
DA:1132,38
DA:1134,161
DA:1135,61
DA:1138,100
DA:1140,417
DA:1141,1
DA:1144,99
DA:1153,1
DA:1154,322
DA:1155,0
DA:1159,322
DA:1160,228
DA:1162,322
DA:1163,66
DA:1166,256
DA:1168,999
DA:1169,4
DA:1172,252
DA:1181,1
DA:1182,71
DA:1183,0
DA:1185,71
DA:1186,80
DA:1187,19
DA:1190,52
DA:1200,1
DA:1201,1507
DA:1202,1507
DA:1209,1507
DA:1213,1247
DA:1216,260
DA:1217,51
DA:1220,209
DA:1225,209
DA:1236,1
DA:1237,67
DA:1238,0
DA:1240,67
DA:1241,73
DA:1253,35
DA:1260,24
DA:1264,43
DA:1273,1
DA:1274,207
DA:1275,0
DA:1277,207
DA:1286,1
DA:1287,195
DA:1288,0
DA:1290,195
DA:1300,1
DA:1301,55
DA:1302,1
DA:1304,54
DA:1305,54
DA:1306,82
DA:1307,82
DA:1308,188
DA:1309,60
DA:1310,23
DA:1313,37
DA:1323,9
DA:1325,28
DA:1328,50
DA:1329,22
DA:1332,0
LF:603
LH:559
BRDA:4,1,0,0
BRDA:4,1,1,1
BRDA:25,2,0,9
BRDA:25,2,1,0
BRDA:26,3,0,1
BRDA:26,3,1,8
BRDA:26,4,0,9
BRDA:26,4,1,9
BRDA:26,4,2,1
BRDA:28,5,0,5
BRDA:28,5,1,3
BRDA:28,6,0,8
BRDA:28,6,1,8
BRDA:28,6,2,5
BRDA:30,7,0,1
BRDA:30,7,1,2
BRDA:30,8,0,3
BRDA:30,8,1,3
BRDA:30,8,2,3
BRDA:30,8,3,3
BRDA:30,8,4,1
BRDA:32,9,0,1
BRDA:32,9,1,1
BRDA:32,10,0,2
BRDA:32,10,1,2
BRDA:32,10,2,2
BRDA:32,10,3,2
BRDA:32,10,4,2
BRDA:32,10,5,2
BRDA:32,10,6,1
BRDA:36,11,0,1
BRDA:36,11,1,0
BRDA:36,12,0,1
BRDA:36,12,1,1
BRDA:36,12,2,1
BRDA:36,12,3,1
BRDA:36,12,4,1
BRDA:36,12,5,1
BRDA:36,12,6,1
BRDA:36,12,7,1
BRDA:36,12,8,1
BRDA:56,13,0,0
BRDA:56,13,1,0
BRDA:57,14,0,0
BRDA:57,14,1,0
BRDA:71,15,0,0
BRDA:71,15,1,0
BRDA:72,16,0,0
BRDA:72,16,1,0
BRDA:75,17,0,0
BRDA:75,17,1,0
BRDA:78,18,0,0
BRDA:78,18,1,0
BRDA:93,19,0,67
BRDA:93,19,1,0
BRDA:94,20,0,66
BRDA:94,20,1,1
BRDA:115,21,0,0
BRDA:115,21,1,0
BRDA:115,22,0,0
BRDA:115,22,1,0
BRDA:133,23,0,0
BRDA:133,23,1,52
BRDA:146,24,0,0
BRDA:146,24,1,48
BRDA:149,25,0,2
BRDA:149,25,1,46
BRDA:150,26,0,2
BRDA:150,26,1,2
BRDA:152,27,0,19
BRDA:152,27,1,27
BRDA:152,28,0,46
BRDA:152,28,1,36
BRDA:153,29,0,47
BRDA:153,29,1,47
BRDA:154,30,0,10
BRDA:154,30,1,28
BRDA:154,31,0,38
BRDA:154,31,1,15
BRDA:160,32,0,7
BRDA:160,32,1,20
BRDA:161,33,0,15
BRDA:161,33,1,15
BRDA:162,34,0,30
BRDA:162,34,1,30
BRDA:163,35,0,4
BRDA:163,35,1,18
BRDA:163,36,0,22
BRDA:163,36,1,14
BRDA:170,37,0,5
BRDA:170,37,1,15
BRDA:172,38,0,5
BRDA:172,38,1,0
BRDA:174,39,0,9
BRDA:174,39,1,6
BRDA:175,40,0,14
BRDA:175,40,1,14
BRDA:177,41,0,8
BRDA:177,41,1,5
BRDA:177,42,0,13
BRDA:177,42,1,0
BRDA:183,43,0,3
BRDA:183,43,1,3
BRDA:183,44,0,6
BRDA:183,44,1,3
BRDA:186,45,0,2
BRDA:186,45,1,3
BRDA:220,46,0,0
BRDA:220,46,1,97
BRDA:233,47,0,0
BRDA:233,47,1,38
BRDA:233,48,0,38
BRDA:233,48,1,38
BRDA:236,49,0,2
BRDA:236,49,1,36
BRDA:237,50,0,2
BRDA:237,50,1,1
BRDA:237,50,2,1
BRDA:239,51,0,6
BRDA:239,51,1,30
BRDA:240,52,0,13
BRDA:240,52,1,13
BRDA:242,53,0,25
BRDA:242,53,1,25
BRDA:243,54,0,7
BRDA:243,54,1,15
BRDA:243,55,0,22
BRDA:243,55,1,9
BRDA:248,56,0,3
BRDA:248,56,1,7
BRDA:254,57,0,5
BRDA:254,57,1,25
BRDA:255,58,0,7
BRDA:255,58,1,7
BRDA:256,59,0,4
BRDA:256,59,1,2
BRDA:262,60,0,7
BRDA:262,60,1,18
BRDA:263,61,0,15
BRDA:263,61,1,15
BRDA:265,62,0,21
BRDA:265,62,1,21
BRDA:266,63,0,8
BRDA:266,63,1,10
BRDA:271,64,0,3
BRDA:271,64,1,8
BRDA:277,65,0,4
BRDA:277,65,1,14
BRDA:278,66,0,10
BRDA:278,66,1,10
BRDA:280,67,0,1
BRDA:280,67,1,6
BRDA:280,68,0,7
BRDA:280,68,1,0
BRDA:286,69,0,8
BRDA:286,69,1,6
BRDA:287,70,0,22
BRDA:287,70,1,22
BRDA:289,71,0,24
BRDA:289,71,1,24
BRDA:291,72,0,14
BRDA:291,72,1,9
BRDA:291,73,0,23
BRDA:291,73,1,0
BRDA:296,74,0,1
BRDA:296,74,1,14
BRDA:302,75,0,3
BRDA:302,75,1,3
BRDA:302,76,0,6
BRDA:302,76,1,3
BRDA:305,77,0,2
BRDA:305,77,1,3
BRDA:313,78,0,1
BRDA:313,78,1,4
BRDA:328,79,0,0
BRDA:328,79,1,53
BRDA:328,80,0,53
BRDA:328,80,1,53
BRDA:331,81,0,2
BRDA:331,81,1,51
BRDA:334,82,0,6
BRDA:334,82,1,45
BRDA:335,83,0,13
BRDA:335,83,1,13
BRDA:336,84,0,27
BRDA:336,84,1,27
BRDA:337,85,0,3
BRDA:337,85,1,17
BRDA:337,86,0,20
BRDA:337,86,1,4
BRDA:344,87,0,8
BRDA:344,87,1,37
BRDA:345,88,0,17
BRDA:345,88,1,17
BRDA:346,89,0,4
BRDA:346,89,1,9
BRDA:352,90,0,10
BRDA:352,90,1,27
BRDA:353,91,0,17
BRDA:353,91,1,17
BRDA:354,92,0,32
BRDA:354,92,1,32
BRDA:355,93,0,7
BRDA:355,93,1,18
BRDA:362,94,0,7
BRDA:362,94,1,20
BRDA:363,95,0,11
BRDA:363,95,1,11
BRDA:364,96,0,6
BRDA:364,96,1,4
BRDA:364,97,0,10
BRDA:364,97,1,0
BRDA:370,98,0,13
BRDA:370,98,1,7
BRDA:371,99,0,20
BRDA:371,99,1,20
BRDA:372,100,0,38
BRDA:372,100,1,38
BRDA:374,101,0,12
BRDA:374,101,1,19
BRDA:374,102,0,31
BRDA:374,102,1,0
BRDA:381,103,0,3
BRDA:381,103,1,4
BRDA:381,104,0,7
BRDA:381,104,1,3
BRDA:383,105,0,2
BRDA:383,105,1,3
BRDA:391,106,0,3
BRDA:391,106,1,3
BRDA:411,107,0,0
BRDA:411,107,1,115
BRDA:424,108,0,0
BRDA:424,108,1,33
BRDA:424,109,0,33
BRDA:424,109,1,33
BRDA:427,110,0,2
BRDA:427,110,1,31
BRDA:427,111,0,33
BRDA:427,111,1,32
BRDA:431,112,0,8
BRDA:431,112,1,23
BRDA:434,113,0,7
BRDA:434,113,1,16
BRDA:435,114,0,16
BRDA:435,114,1,16
BRDA:436,115,0,3
BRDA:436,115,1,9
BRDA:442,116,0,4
BRDA:442,116,1,12
BRDA:443,117,0,6
BRDA:443,117,1,6
BRDA:444,118,0,2
BRDA:444,118,1,2
BRDA:450,119,0,6
BRDA:450,119,1,6
BRDA:451,120,0,10
BRDA:451,120,1,10
BRDA:452,121,0,16
BRDA:452,121,1,16
BRDA:453,122,0,5
BRDA:453,122,1,7
BRDA:453,123,0,12
BRDA:453,123,1,7
BRDA:460,124,0,3
BRDA:460,124,1,3
BRDA:460,125,0,6
BRDA:460,125,1,3
BRDA:463,126,0,2
BRDA:463,126,1,3
BRDA:471,127,0,1
BRDA:471,127,1,4
BRDA:487,128,0,0
BRDA:487,128,1,42
BRDA:487,129,0,42
BRDA:487,129,1,42
BRDA:490,130,0,1
BRDA:490,130,1,41
BRDA:493,131,0,1
BRDA:493,131,1,40
BRDA:497,132,0,8
BRDA:497,132,1,32
BRDA:499,133,0,5
BRDA:499,133,1,7
BRDA:505,134,0,13
BRDA:505,134,1,19
BRDA:506,135,0,23
BRDA:506,135,1,23
BRDA:508,136,0,9
BRDA:508,136,1,20
BRDA:515,137,0,5
BRDA:515,137,1,14
BRDA:516,138,0,6
BRDA:516,138,1,6
BRDA:517,139,0,4
BRDA:517,139,1,1
BRDA:523,140,0,8
BRDA:523,140,1,6
BRDA:524,141,0,13
BRDA:524,141,1,13
BRDA:525,142,0,18
BRDA:525,142,1,18
BRDA:526,143,0,7
BRDA:526,143,1,6
BRDA:533,144,0,3
BRDA:533,144,1,3
BRDA:533,145,0,6
BRDA:533,145,1,3
BRDA:536,146,0,2
BRDA:536,146,1,2
BRDA:543,147,0,4
BRDA:543,147,1,4
BRDA:544,148,0,2
BRDA:544,148,1,1
BRDA:565,149,0,0
BRDA:565,149,1,142
BRDA:578,150,0,0
BRDA:578,150,1,40
BRDA:578,151,0,40
BRDA:578,151,1,40
BRDA:581,152,0,2
BRDA:581,152,1,38
BRDA:581,153,0,40
BRDA:581,153,1,39
BRDA:585,154,0,7
BRDA:585,154,1,31
BRDA:586,155,0,13
BRDA:586,155,1,13
BRDA:587,156,0,3
BRDA:587,156,1,6
BRDA:593,157,0,9
BRDA:593,157,1,22
BRDA:594,158,0,18
BRDA:594,158,1,18
BRDA:596,159,0,28
BRDA:596,159,1,28
BRDA:597,160,0,9
BRDA:597,160,1,14
BRDA:602,161,0,5
BRDA:602,161,1,9
BRDA:608,162,0,7
BRDA:608,162,1,15
BRDA:609,163,0,13
BRDA:609,163,1,13
BRDA:610,164,0,19
BRDA:610,164,1,19
BRDA:611,165,0,5
BRDA:611,165,1,8
BRDA:618,166,0,6
BRDA:618,166,1,9
BRDA:619,167,0,15
BRDA:619,167,1,15
BRDA:621,168,0,33
BRDA:621,168,1,33
BRDA:622,169,0,39
BRDA:622,169,1,39
BRDA:623,170,0,9
BRDA:623,170,1,17
BRDA:623,171,0,26
BRDA:623,171,1,11
BRDA:629,172,0,2
BRDA:629,172,1,9
BRDA:635,173,0,3
BRDA:635,173,1,6
BRDA:635,174,0,9
BRDA:635,174,1,3
BRDA:638,175,0,2
BRDA:638,175,1,3
BRDA:647,176,0,3
BRDA:647,176,1,22
BRDA:663,177,0,0
BRDA:663,177,1,44
BRDA:663,178,0,44
BRDA:663,178,1,44
BRDA:666,179,0,1
BRDA:666,179,1,43
BRDA:669,180,0,1
BRDA:669,180,1,42
BRDA:672,181,0,7
BRDA:672,181,1,35
BRDA:675,182,0,9
BRDA:675,182,1,26
BRDA:676,183,0,18
BRDA:676,183,1,18
BRDA:677,184,0,27
BRDA:677,184,1,27
BRDA:678,185,0,43
BRDA:678,185,1,43
BRDA:679,186,0,5
BRDA:679,186,1,25
BRDA:687,187,0,8
BRDA:687,187,1,18
BRDA:688,188,0,15
BRDA:688,188,1,15
BRDA:689,189,0,25
BRDA:689,189,1,25
BRDA:690,190,0,5
BRDA:690,190,1,13
BRDA:697,191,0,8
BRDA:697,191,1,10
BRDA:698,192,0,11
BRDA:698,192,1,11
BRDA:699,193,0,18
BRDA:699,193,1,18
BRDA:700,194,0,23
BRDA:700,194,1,23
BRDA:701,195,0,7
BRDA:701,195,1,8
BRDA:709,196,0,4
BRDA:709,196,1,6
BRDA:709,197,0,10
BRDA:709,197,1,4
BRDA:712,198,0,3
BRDA:712,198,1,3
BRDA:719,199,0,8
BRDA:719,199,1,8
BRDA:721,200,0,5
BRDA:721,200,1,4
BRDA:746,201,0,0
BRDA:746,201,1,127
BRDA:759,202,0,0
BRDA:759,202,1,39
BRDA:759,203,0,39
BRDA:759,203,1,39
BRDA:762,204,0,4
BRDA:762,204,1,35
BRDA:762,205,0,39
BRDA:762,205,1,38
BRDA:762,205,2,37
BRDA:762,205,3,36
BRDA:766,206,0,8
BRDA:766,206,1,27
BRDA:767,207,0,19
BRDA:767,207,1,19
BRDA:768,208,0,6
BRDA:768,208,1,11
BRDA:774,209,0,6
BRDA:774,209,1,21
BRDA:775,210,0,12
BRDA:775,210,1,12
BRDA:776,211,0,21
BRDA:776,211,1,21
BRDA:778,212,0,6
BRDA:778,212,1,15
BRDA:781,213,0,4
BRDA:781,213,1,11
BRDA:781,214,0,15
BRDA:781,214,1,15
BRDA:788,215,0,3
BRDA:788,215,1,18
BRDA:788,216,0,21
BRDA:788,216,1,3
BRDA:791,217,0,2
BRDA:791,217,1,3
BRDA:798,218,0,119
BRDA:798,218,1,119
BRDA:799,219,0,12
BRDA:799,219,1,101
BRDA:814,220,0,0
BRDA:814,220,1,50
BRDA:814,221,0,50
BRDA:814,221,1,50
BRDA:817,222,0,1
BRDA:817,222,1,49
BRDA:820,223,0,1
BRDA:820,223,1,48
BRDA:823,224,0,1
BRDA:823,224,1,47
BRDA:826,225,0,1
BRDA:826,225,1,46
BRDA:830,226,0,8
BRDA:830,226,1,38
BRDA:831,227,0,30
BRDA:831,227,1,30
BRDA:832,228,0,4
BRDA:832,228,1,22
BRDA:838,229,0,17
BRDA:838,229,1,21
BRDA:839,230,0,26
BRDA:839,230,1,26
BRDA:840,231,0,59
BRDA:840,231,1,59
BRDA:841,232,0,13
BRDA:841,232,1,37
BRDA:848,233,0,3
BRDA:848,233,1,18
BRDA:848,234,0,21
BRDA:848,234,1,3
BRDA:851,235,0,2
BRDA:851,235,1,3
BRDA:858,236,0,168
BRDA:858,236,1,168
BRDA:859,237,0,12
BRDA:859,237,1,150
BRDA:886,238,0,0
BRDA:886,238,1,146
BRDA:899,239,0,0
BRDA:899,239,1,32
BRDA:899,240,0,32
BRDA:899,240,1,32
BRDA:902,241,0,4
BRDA:902,241,1,28
BRDA:902,242,0,32
BRDA:902,242,1,31
BRDA:902,242,2,30
BRDA:902,242,3,29
BRDA:906,243,0,9
BRDA:906,243,1,19
BRDA:907,244,0,15
BRDA:907,244,1,15
BRDA:909,245,0,6
BRDA:909,245,1,21
BRDA:916,246,0,8
BRDA:916,246,1,11
BRDA:917,247,0,15
BRDA:917,247,1,15
BRDA:919,248,0,33
BRDA:919,248,1,33
BRDA:920,249,0,37
BRDA:920,249,1,37
BRDA:922,250,0,15
BRDA:922,250,1,22
BRDA:925,251,0,7
BRDA:925,251,1,15
BRDA:925,252,0,22
BRDA:925,252,1,22
BRDA:931,253,0,4
BRDA:931,253,1,7
BRDA:937,254,0,3
BRDA:937,254,1,8
BRDA:937,255,0,11
BRDA:937,255,1,3
BRDA:939,256,0,2
BRDA:939,256,1,3
BRDA:948,257,0,4
BRDA:948,257,1,46
BRDA:964,258,0,0
BRDA:964,258,1,35
BRDA:964,259,0,35
BRDA:964,259,1,35
BRDA:967,260,0,1
BRDA:967,260,1,34
BRDA:970,261,0,1
BRDA:970,261,1,33
BRDA:973,262,0,1
BRDA:973,262,1,32
BRDA:976,263,0,1
BRDA:976,263,1,31
BRDA:979,264,0,10
BRDA:979,264,1,21
BRDA:983,265,0,8
BRDA:983,265,1,13
BRDA:984,266,0,11
BRDA:984,266,1,11
BRDA:985,267,0,17
BRDA:985,267,1,17
BRDA:986,268,0,39
BRDA:986,268,1,39
BRDA:987,269,0,6
BRDA:987,269,1,25
BRDA:995,270,0,4
BRDA:995,270,1,9
BRDA:995,271,0,13
BRDA:995,271,1,4
BRDA:997,272,0,3
BRDA:997,272,1,3
BRDA:1006,273,0,8
BRDA:1006,273,1,9
BRDA:1029,274,0,0
BRDA:1029,274,1,41
BRDA:1041,275,0,0
BRDA:1041,275,1,3
BRDA:1041,276,0,3
BRDA:1041,276,1,3
BRDA:1041,276,2,3
BRDA:1045,277,0,9
BRDA:1045,277,1,0
BRDA:1045,278,0,9
BRDA:1045,278,1,9
BRDA:1046,279,0,1
BRDA:1046,279,1,8
BRDA:1063,280,0,0
BRDA:1063,280,1,3
BRDA:1063,281,0,3
BRDA:1063,281,1,3
BRDA:1063,281,2,3
BRDA:1067,282,0,7
BRDA:1067,282,1,0
BRDA:1067,283,0,7
BRDA:1067,283,1,7
BRDA:1068,284,0,2
BRDA:1068,284,1,5
BRDA:1083,285,0,25
BRDA:1083,285,1,963
BRDA:1083,286,0,988
BRDA:1083,286,1,988
BRDA:1083,286,2,988
BRDA:1090,287,0,3
BRDA:1090,287,1,960
BRDA:1090,288,0,963
BRDA:1090,288,1,963
BRDA:1096,289,0,57
BRDA:1096,289,1,3539
BRDA:1096,290,0,3596
BRDA:1096,290,1,254
BRDA:1099,291,0,2689
BRDA:1099,291,1,850
BRDA:1100,292,0,3539
BRDA:1100,292,1,1495
BRDA:1100,292,2,2320
BRDA:1100,292,3,951
BRDA:1100,292,4,1820
BRDA:1100,292,5,1272
BRDA:1108,293,0,103
BRDA:1108,293,1,747
BRDA:1108,294,0,850
BRDA:1108,294,1,103
BRDA:1108,294,2,103
BRDA:1112,295,0,639
BRDA:1112,295,1,108
BRDA:1126,296,0,0
BRDA:1126,296,1,161
BRDA:1126,297,0,161
BRDA:1126,297,1,161
BRDA:1126,297,2,161
BRDA:1126,297,3,161
BRDA:1131,298,0,38
BRDA:1131,298,1,123
BRDA:1131,299,0,161
BRDA:1131,299,1,158
BRDA:1134,300,0,61
BRDA:1134,300,1,100
BRDA:1134,301,0,161
BRDA:1134,301,1,108
BRDA:1140,302,0,1
BRDA:1140,302,1,416
BRDA:1154,303,0,0
BRDA:1154,303,1,322
BRDA:1154,304,0,322
BRDA:1154,304,1,322
BRDA:1154,304,2,322
BRDA:1154,304,3,322
BRDA:1159,305,0,228
BRDA:1159,305,1,94
BRDA:1159,306,0,322
BRDA:1159,306,1,303
BRDA:1162,307,0,66
BRDA:1162,307,1,256
BRDA:1162,308,0,322
BRDA:1162,308,1,270
BRDA:1168,309,0,4
BRDA:1168,309,1,995
BRDA:1182,310,0,0
BRDA:1182,310,1,71
BRDA:1182,311,0,71
BRDA:1182,311,1,71
BRDA:1182,311,2,71
BRDA:1186,312,0,19
BRDA:1186,312,1,61
BRDA:1201,313,0,1090
BRDA:1201,313,1,417
BRDA:1209,314,0,1247
BRDA:1209,314,1,260
BRDA:1210,315,0,1507
BRDA:1210,315,1,610
BRDA:1210,315,2,1037
BRDA:1210,315,3,473
BRDA:1210,315,4,854
BRDA:1210,315,5,599
BRDA:1210,315,6,321
BRDA:1210,315,7,133
BRDA:1216,316,0,51
BRDA:1216,316,1,209
BRDA:1217,317,0,51
BRDA:1217,317,1,14
BRDA:1225,318,0,42
BRDA:1225,318,1,167
BRDA:1226,319,0,42
BRDA:1226,319,1,39
BRDA:1226,319,2,36
BRDA:1226,319,3,36
BRDA:1226,319,4,33
BRDA:1226,319,5,31
BRDA:1226,319,6,31
BRDA:1226,319,7,27
BRDA:1227,320,0,167
BRDA:1227,320,1,55
BRDA:1227,320,2,2
BRDA:1227,320,3,2
BRDA:1227,320,4,2
BRDA:1227,320,5,1
BRDA:1227,320,6,1
BRDA:1227,320,7,1
BRDA:1237,321,0,0
BRDA:1237,321,1,67
BRDA:1237,322,0,67
BRDA:1237,322,1,67
BRDA:1237,322,2,67
BRDA:1241,323,0,35
BRDA:1241,323,1,38
BRDA:1243,324,0,73
BRDA:1243,324,1,37
BRDA:1243,324,2,29
BRDA:1243,324,3,44
BRDA:1243,324,4,29
BRDA:1243,324,5,21
BRDA:1243,324,6,50
BRDA:1243,324,7,33
BRDA:1243,324,8,27
BRDA:1243,324,9,23
BRDA:1243,324,10,21
BRDA:1243,324,11,8
BRDA:1253,325,0,24
BRDA:1253,325,1,11
BRDA:1254,326,0,35
BRDA:1254,326,1,17
BRDA:1254,326,2,24
BRDA:1254,326,3,20
BRDA:1254,326,4,13
BRDA:1254,326,5,13
BRDA:1254,326,6,11
BRDA:1254,326,7,11
BRDA:1274,327,0,0
BRDA:1274,327,1,207
BRDA:1274,328,0,207
BRDA:1274,328,1,207
BRDA:1274,328,2,207
BRDA:1277,329,0,207
BRDA:1277,329,1,199
BRDA:1277,329,2,198
BRDA:1277,329,3,189
BRDA:1287,330,0,0
BRDA:1287,330,1,195
BRDA:1287,331,0,195
BRDA:1287,331,1,195
BRDA:1287,331,2,195
BRDA:1301,332,0,1
BRDA:1301,332,1,54
BRDA:1301,333,0,55
BRDA:1301,333,1,54
BRDA:1305,334,0,82
BRDA:1305,334,1,82
BRDA:1307,335,0,238
BRDA:1307,335,1,238
BRDA:1308,336,0,60
BRDA:1308,336,1,128
BRDA:1308,337,0,188
BRDA:1308,337,1,104
BRDA:1309,338,0,23
BRDA:1309,338,1,37
BRDA:1313,339,0,9
BRDA:1313,339,1,28
BRDA:1316,340,0,37
BRDA:1316,340,1,24
BRDA:1316,340,2,20
BRDA:1316,340,3,19
BRDA:1316,340,4,10
BRDA:1316,340,5,19
BRDA:1316,340,6,15
BRDA:1316,340,7,10
BRDA:1328,341,0,22
BRDA:1328,341,1,28
BRF:762
BRH:708
end_of_record
TN:
SF:C:\Users\Richard Burkhardt\websites\json-odm\src\query.js
FN:29,(anonymous_1)
FN:46,(anonymous_2)
FN:77,(anonymous_3)
FN:127,(anonymous_4)
FN:135,(anonymous_5)
FN:148,(anonymous_6)
FN:198,(anonymous_7)
FN:211,(anonymous_8)
FN:213,(anonymous_9)
FN:251,(anonymous_10)
FN:252,falseQueryAccumulation
FN:266,(anonymous_12)
FN:312,(anonymous_13)
FN:313,(anonymous_14)
FN:326,(anonymous_15)
FN:328,(anonymous_16)
FN:329,(anonymous_17)
FN:347,(anonymous_18)
FN:348,(anonymous_19)
FN:349,(anonymous_20)
FN:376,(anonymous_21)
FN:380,(anonymous_22)
FN:385,(anonymous_23)
FN:399,(anonymous_24)
FN:400,(anonymous_25)
FN:405,(anonymous_26)
FN:426,createQueryStringModifier
FN:427,(anonymous_28)
FN:428,(anonymous_29)
FN:429,(anonymous_30)
FN:446,(anonymous_31)
FN:449,(anonymous_32)
FN:454,(anonymous_33)
FN:476,(anonymous_34)
FN:477,(anonymous_35)
FN:496,(anonymous_36)
FN:498,(anonymous_37)
FN:520,(anonymous_38)
FN:521,(anonymous_39)
FN:540,(anonymous_40)
FN:541,(anonymous_41)
FN:559,(anonymous_42)
FN:560,(anonymous_43)
FN:578,(anonymous_44)
FN:580,(anonymous_45)
FN:581,(anonymous_46)
FN:610,(anonymous_47)
FN:611,(anonymous_48)
FN:635,(anonymous_49)
FN:639,(anonymous_50)
FN:663,(anonymous_51)
FN:667,(anonymous_52)
FN:691,(anonymous_53)
FN:695,(anonymous_54)
FN:720,(anonymous_55)
FN:724,(anonymous_56)
FN:739,(anonymous_57)
FN:743,(anonymous_58)
FN:759,(anonymous_59)
FN:763,(anonymous_60)
FN:779,(anonymous_61)
FN:783,(anonymous_62)
FN:799,(anonymous_63)
FN:803,(anonymous_64)
FN:819,(anonymous_65)
FN:820,(anonymous_66)
FN:831,(anonymous_67)
FN:832,(anonymous_68)
FN:843,(anonymous_69)
FN:844,(anonymous_70)
FN:855,(anonymous_71)
FN:856,(anonymous_72)
FN:865,(anonymous_73)
FN:866,(anonymous_74)
FN:875,(anonymous_75)
FN:876,(anonymous_76)
FN:893,(anonymous_77)
FN:895,(anonymous_78)
FN:900,(anonymous_79)
FN:915,(anonymous_80)
FN:919,(anonymous_81)
FN:942,(anonymous_82)
FN:946,(anonymous_83)
FN:962,(anonymous_84)
FN:976,(anonymous_85)
FN:1012,(anonymous_86)
FN:1013,(anonymous_87)
FN:1061,(anonymous_88)
FN:1062,(anonymous_89)
FN:1106,(anonymous_90)
FN:1107,(anonymous_91)
FN:1118,(anonymous_92)
FN:1120,(anonymous_93)
FN:1135,(anonymous_94)
FN:1137,(anonymous_95)
FN:1163,(anonymous_96)
FN:1165,(anonymous_97)
FN:1180,(anonymous_98)
FN:1182,(anonymous_99)
FNF:99
FNH:98
FNDA:157,(anonymous_1)
FNDA:1,(anonymous_2)
FNDA:65,(anonymous_3)
FNDA:49,(anonymous_4)
FNDA:16,(anonymous_5)
FNDA:3,(anonymous_6)
FNDA:2,(anonymous_7)
FNDA:2,(anonymous_8)
FNDA:200,(anonymous_9)
FNDA:2,(anonymous_10)
FNDA:37766,falseQueryAccumulation
FNDA:2,(anonymous_12)
FNDA:1,(anonymous_13)
FNDA:6,(anonymous_14)
FNDA:64,(anonymous_15)
FNDA:64,(anonymous_16)
FNDA:230146,(anonymous_17)
FNDA:13,(anonymous_18)
FNDA:13,(anonymous_19)
FNDA:70015,(anonymous_20)
FNDA:72,(anonymous_21)
FNDA:72,(anonymous_22)
FNDA:230194,(anonymous_23)
FNDA:6,(anonymous_24)
FNDA:6,(anonymous_25)
FNDA:42,(anonymous_26)
FNDA:20,createQueryStringModifier
FNDA:6,(anonymous_28)
FNDA:6,(anonymous_29)
FNDA:42,(anonymous_30)
FNDA:8,(anonymous_31)
FNDA:8,(anonymous_32)
FNDA:800,(anonymous_33)
FNDA:3,(anonymous_34)
FNDA:300,(anonymous_35)
FNDA:1,(anonymous_36)
FNDA:100,(anonymous_37)
FNDA:1,(anonymous_38)
FNDA:100,(anonymous_39)
FNDA:1,(anonymous_40)
FNDA:100,(anonymous_41)
FNDA:2,(anonymous_42)
FNDA:200,(anonymous_43)
FNDA:2,(anonymous_44)
FNDA:2,(anonymous_45)
FNDA:200,(anonymous_46)
FNDA:1,(anonymous_47)
FNDA:4,(anonymous_48)
FNDA:1,(anonymous_49)
FNDA:4,(anonymous_50)
FNDA:1,(anonymous_51)
FNDA:4,(anonymous_52)
FNDA:1,(anonymous_53)
FNDA:4,(anonymous_54)
FNDA:2,(anonymous_55)
FNDA:6,(anonymous_56)
FNDA:23,(anonymous_57)
FNDA:130024,(anonymous_58)
FNDA:1,(anonymous_59)
FNDA:9999,(anonymous_60)
FNDA:1,(anonymous_61)
FNDA:2,(anonymous_62)
FNDA:2,(anonymous_63)
FNDA:4,(anonymous_64)
FNDA:3,(anonymous_65)
FNDA:20000,(anonymous_66)
FNDA:1,(anonymous_67)
FNDA:2,(anonymous_68)
FNDA:2,(anonymous_69)
FNDA:19998,(anonymous_70)
FNDA:2,(anonymous_71)
FNDA:4,(anonymous_72)
FNDA:2,(anonymous_73)
FNDA:4,(anonymous_74)
FNDA:2,(anonymous_75)
FNDA:4,(anonymous_76)
FNDA:3,(anonymous_77)
FNDA:0,(anonymous_78)
FNDA:6,(anonymous_79)
FNDA:2,(anonymous_80)
FNDA:10007,(anonymous_81)
FNDA:4,(anonymous_82)
FNDA:39996,(anonymous_83)
FNDA:7,(anonymous_84)
FNDA:42,(anonymous_85)
FNDA:5,(anonymous_86)
FNDA:30,(anonymous_87)
FNDA:2,(anonymous_88)
FNDA:12,(anonymous_89)
FNDA:2,(anonymous_90)
FNDA:12,(anonymous_91)
FNDA:3,(anonymous_92)
FNDA:29997,(anonymous_93)
FNDA:1,(anonymous_94)
FNDA:9999,(anonymous_95)
FNDA:2,(anonymous_96)
FNDA:19998,(anonymous_97)
FNDA:1,(anonymous_98)
FNDA:9999,(anonymous_99)
DA:4,1
DA:5,0
DA:29,1
DA:30,157
DA:31,157
DA:32,157
DA:33,157
DA:34,157
DA:46,1
DA:47,1
DA:48,0
DA:50,1
DA:51,9999
DA:52,9999
DA:53,9999
DA:54,500
DA:57,9999
DA:58,9499
DA:60,500
DA:63,1
DA:77,1
DA:78,65
DA:79,1
DA:81,64
DA:82,64
DA:84,64
DA:87,64
DA:88,140961
DA:89,140961
DA:90,140973
DA:91,140973
DA:92,126893
DA:95,140961
DA:96,14068
DA:97,0
DA:98,0
DA:100,14068
DA:101,5
DA:104,14063
DA:105,14063
DA:106,6
DA:108,14063
DA:109,14063
DA:112,59
DA:113,2
DA:115,59
DA:127,1
DA:128,49
DA:135,1
DA:136,16
DA:148,1
DA:149,3
DA:150,2
DA:152,3
DA:153,1
DA:155,3
DA:156,2
DA:159,3
DA:160,2
DA:162,3
DA:163,1
DA:165,3
DA:166,2
DA:168,3
DA:198,1
DA:199,2
DA:200,2
DA:201,2
DA:203,2
DA:207,1
DA:208,1
DA:210,2
DA:212,2
DA:213,2
DA:215,200
DA:219,200
DA:220,400
DA:221,400
DA:222,400
DA:223,200
DA:224,10
DA:226,200
DA:228,400
DA:229,400
DA:230,100
DA:231,100
DA:233,100
DA:235,400
DA:237,200
DA:239,51
DA:243,51
DA:245,200
DA:247,200
DA:252,1
DA:253,37766
DA:254,197984
DA:255,11960
DA:257,186024
DA:258,184
DA:260,186024
DA:261,37720
DA:266,2
DA:267,2
DA:268,2
DA:269,51
DA:270,5
DA:272,46
DA:273,46
DA:274,46
DA:275,100
DA:277,46
DA:278,138
DA:279,138
DA:282,46
DA:285,2
DA:312,1
DA:313,1
DA:314,6
DA:326,1
DA:327,64
DA:328,64
DA:329,64
DA:330,230146
DA:331,0
DA:333,230146
DA:334,230146
DA:337,64
DA:338,64
DA:347,1
DA:348,13
DA:349,13
DA:350,70015
DA:351,0
DA:353,70015
DA:354,70015
DA:355,150045
DA:356,150043
DA:357,150043
DA:361,2
DA:364,70015
DA:367,13
DA:368,13
DA:369,13
DA:376,1
DA:377,72
DA:378,0
DA:380,72
DA:385,72
DA:386,230194
DA:389,72
DA:390,72
DA:391,72
DA:399,1
DA:400,6
DA:405,6
DA:406,42
DA:407,42
DA:410,6
DA:411,6
DA:425,1
DA:426,1
DA:427,20
DA:428,6
DA:429,6
DA:430,42
DA:435,1
DA:436,20
DA:446,1
DA:447,8
DA:448,8
DA:449,8
DA:454,8
DA:455,800
DA:456,800
DA:457,800
DA:458,800
DA:461,8
DA:462,8
DA:476,1
DA:477,3
DA:478,300
DA:479,93
DA:481,300
DA:496,1
DA:497,1
DA:498,1
DA:499,100
DA:500,1
DA:501,1
DA:503,100
DA:504,100
DA:505,100
DA:520,1
DA:521,1
DA:522,100
DA:523,1
DA:525,100
DA:540,1
DA:541,1
DA:542,100
DA:543,1
DA:545,100
DA:559,1
DA:560,2
DA:561,200
DA:562,47
DA:564,200
DA:578,1
DA:579,2
DA:580,2
DA:581,2
DA:582,200
DA:583,200
DA:584,200
DA:585,200
DA:588,2
DA:589,2
DA:610,1
DA:611,1
DA:612,4
DA:613,4
DA:614,8
DA:616,4
DA:635,1
DA:636,1
DA:637,0
DA:639,1
DA:640,4
DA:641,4
DA:642,8
DA:644,4
DA:663,1
DA:664,1
DA:665,0
DA:667,1
DA:668,4
DA:669,4
DA:670,8
DA:672,4
DA:691,1
DA:692,1
DA:693,0
DA:695,1
DA:696,4
DA:697,4
DA:698,8
DA:700,4
DA:720,1
DA:721,2
DA:722,0
DA:724,2
DA:725,6
DA:726,6
DA:727,6
DA:729,6
DA:739,1
DA:740,23
DA:741,0
DA:743,23
DA:744,130024
DA:745,140022
DA:746,24
DA:749,130000
DA:759,1
DA:760,1
DA:761,0
DA:763,1
DA:764,9999
DA:765,19997
DA:766,2
DA:769,9997
DA:779,1
DA:780,1
DA:781,0
DA:783,1
DA:784,2
DA:785,2
DA:786,1
DA:789,1
DA:799,1
DA:800,2
DA:801,0
DA:803,2
DA:804,4
DA:805,5
DA:806,3
DA:809,1
DA:819,1
DA:820,3
DA:821,20000
DA:831,1
DA:832,1
DA:833,2
DA:843,1
DA:844,2
DA:845,19998
DA:855,1
DA:856,2
DA:857,4
DA:865,1
DA:866,2
DA:867,4
DA:875,1
DA:876,2
DA:877,4
DA:893,1
DA:894,3
DA:895,0
DA:896,0
DA:900,3
DA:901,6
DA:915,1
DA:916,2
DA:917,0
DA:919,2
DA:920,10007
DA:942,1
DA:943,4
DA:944,2
DA:946,4
DA:947,39996
DA:962,1
DA:963,7
DA:964,7
DA:965,7
DA:966,7
DA:967,7
DA:968,2
DA:970,7
DA:971,7
DA:972,2
DA:974,7
DA:975,7
DA:976,7
DA:978,42
DA:979,12
DA:980,2
DA:984,40
DA:985,12
DA:986,9
DA:990,31
DA:991,44
DA:992,12
DA:996,19
DA:1012,1
DA:1013,5
DA:1014,30
DA:1015,12
DA:1017,18
DA:1061,1
DA:1062,2
DA:1063,12
DA:1106,1
DA:1107,2
DA:1108,12
DA:1118,1
DA:1120,3
DA:1121,29997
DA:1122,30000
DA:1123,29994
DA:1126,3
DA:1135,1
DA:1137,1
DA:1138,9999
DA:1139,10000
DA:1140,9998
DA:1143,1
DA:1156,1
DA:1163,1
DA:1165,2
DA:1166,19998
DA:1167,39994
DA:1168,4
DA:1171,19994
DA:1180,1
DA:1182,1
DA:1183,9999
DA:1184,10800
DA:1185,9799
DA:1188,200
LF:380
LH:362
BRDA:4,1,0,0
BRDA:4,1,1,1
BRDA:33,2,0,157
BRDA:33,2,1,0
BRDA:47,3,0,0
BRDA:47,3,1,1
BRDA:53,4,0,500
BRDA:53,4,1,9499
BRDA:53,5,0,9999
BRDA:53,5,1,9999
BRDA:57,6,0,9499
BRDA:57,6,1,500
BRDA:78,7,0,1
BRDA:78,7,1,64
BRDA:78,8,0,65
BRDA:78,8,1,2
BRDA:81,9,0,49
BRDA:81,9,1,15
BRDA:82,10,0,49
BRDA:82,10,1,15
BRDA:91,11,0,126893
BRDA:91,11,1,14080
BRDA:91,12,0,140973
BRDA:91,12,1,140973
BRDA:91,12,2,140873
BRDA:91,12,3,14080
BRDA:95,13,0,14068
BRDA:95,13,1,126893
BRDA:96,14,0,0
BRDA:96,14,1,14068
BRDA:100,15,0,5
BRDA:100,15,1,14063
BRDA:149,16,0,2
BRDA:149,16,1,1
BRDA:152,17,0,1
BRDA:152,17,1,2
BRDA:155,18,0,2
BRDA:155,18,1,1
BRDA:159,19,0,2
BRDA:159,19,1,1
BRDA:162,20,0,1
BRDA:162,20,1,2
BRDA:165,21,0,2
BRDA:165,21,1,1
BRDA:203,22,0,1
BRDA:203,22,1,1
BRDA:204,23,0,2
BRDA:204,23,1,1
BRDA:204,23,2,1
BRDA:204,23,3,1
BRDA:220,24,0,100
BRDA:220,24,1,300
BRDA:222,25,0,200
BRDA:222,25,1,200
BRDA:223,26,0,10
BRDA:223,26,1,190
BRDA:230,27,0,100
BRDA:230,27,1,0
BRDA:237,28,0,51
BRDA:237,28,1,149
BRDA:254,29,0,11960
BRDA:254,29,1,186024
BRDA:257,30,0,184
BRDA:257,30,1,185840
BRDA:260,31,0,37720
BRDA:260,31,1,148304
BRDA:269,32,0,5
BRDA:269,32,1,46
BRDA:278,33,0,138
BRDA:278,33,1,0
BRDA:330,34,0,0
BRDA:330,34,1,230146
BRDA:330,35,0,230146
BRDA:330,35,1,230146
BRDA:330,35,2,24
BRDA:330,35,3,230146
BRDA:333,36,0,24
BRDA:333,36,1,230122
BRDA:333,37,0,0
BRDA:333,37,1,230122
BRDA:350,38,0,0
BRDA:350,38,1,70015
BRDA:355,39,0,150043
BRDA:355,39,1,2
BRDA:377,40,0,0
BRDA:377,40,1,72
BRDA:406,41,0,42
BRDA:406,41,1,0
BRDA:407,42,0,42
BRDA:407,42,1,0
BRDA:409,43,0,6
BRDA:409,43,1,0
BRDA:430,44,0,42
BRDA:430,44,1,0
BRDA:430,45,0,42
BRDA:430,45,1,42
BRDA:447,46,0,6
BRDA:447,46,1,2
BRDA:455,47,0,600
BRDA:455,47,1,200
BRDA:478,48,0,93
BRDA:478,48,1,207
BRDA:499,49,0,1
BRDA:499,49,1,99
BRDA:522,50,0,1
BRDA:522,50,1,99
BRDA:542,51,0,1
BRDA:542,51,1,99
BRDA:561,52,0,47
BRDA:561,52,1,153
BRDA:582,53,0,47
BRDA:582,53,1,153
BRDA:612,54,0,4
BRDA:612,54,1,0
BRDA:636,55,0,0
BRDA:636,55,1,1
BRDA:640,56,0,4
BRDA:640,56,1,0
BRDA:664,57,0,0
BRDA:664,57,1,1
BRDA:668,58,0,4
BRDA:668,58,1,0
BRDA:692,59,0,0
BRDA:692,59,1,1
BRDA:696,60,0,4
BRDA:696,60,1,0
BRDA:721,61,0,0
BRDA:721,61,1,2
BRDA:725,62,0,6
BRDA:725,62,1,0
BRDA:740,63,0,0
BRDA:740,63,1,23
BRDA:745,64,0,24
BRDA:745,64,1,139998
BRDA:760,65,0,0
BRDA:760,65,1,1
BRDA:765,66,0,2
BRDA:765,66,1,19995
BRDA:780,67,0,0
BRDA:780,67,1,1
BRDA:785,68,0,1
BRDA:785,68,1,1
BRDA:800,69,0,0
BRDA:800,69,1,2
BRDA:805,70,0,3
BRDA:805,70,1,2
BRDA:867,71,0,4
BRDA:867,71,1,2
BRDA:894,72,0,0
BRDA:894,72,1,3
BRDA:916,73,0,0
BRDA:916,73,1,2
BRDA:916,74,0,2
BRDA:916,74,1,2
BRDA:943,75,0,2
BRDA:943,75,1,2
BRDA:944,76,0,1
BRDA:944,76,1,1
BRDA:979,77,0,2
BRDA:979,77,1,10
BRDA:985,78,0,9
BRDA:985,78,1,3
BRDA:991,79,0,12
BRDA:991,79,1,32
BRDA:1014,80,0,12
BRDA:1014,80,1,18
BRDA:1063,81,0,12
BRDA:1063,81,1,12
BRDA:1063,81,2,12
BRDA:1108,82,0,12
BRDA:1108,82,1,12
BRDA:1108,82,2,12
BRDA:1122,83,0,29994
BRDA:1122,83,1,6
BRDA:1139,84,0,9998
BRDA:1139,84,1,2
BRDA:1167,85,0,4
BRDA:1167,85,1,39990
BRDA:1184,86,0,9799
BRDA:1184,86,1,1001
BRF:180
BRH:151
end_of_record
